<?xml version="1.0" encoding="UTF-8"?>
<robot generator="Robot 3.0.4 (Python 3.6.5 on linux)" generated="20180705 17:34:21.718">
<suite id="s1" name="Test-Locallibrary" source="/home/csd/lair/RobotTests/test-locallibrary.robot">
<test id="s1-t1" name="LoginTextCaseOnChrome">
<kw name="Set Selenium Speed" library="SeleniumLibrary">
<doc>Sets the delay that is waited after each Selenium command.</doc>
<arguments>
<arg>${SPEED}</arg>
</arguments>
<status status="PASS" starttime="20180705 17:34:21.812" endtime="20180705 17:34:21.812"></status>
</kw>
<kw name="Open Browser" library="SeleniumLibrary">
<doc>Opens a new browser instance to the given ``url``.</doc>
<arguments>
<arg>${LOGIN_URL}</arg>
<arg>${BROWSER}</arg>
</arguments>
<msg timestamp="20180705 17:34:21.812" level="INFO">Opening browser 'Chrome' to base url 'http://127.0.0.1:8000/accounts/login/'.</msg>
<status status="PASS" starttime="20180705 17:34:21.812" endtime="20180705 17:34:25.138"></status>
</kw>
<kw name="Capture Page Screenshot" library="SeleniumLibrary">
<doc>Takes screenshot of the current page and embeds it into log file.</doc>
<msg timestamp="20180705 17:34:26.022" level="INFO" html="yes">&lt;/td&gt;&lt;/tr&gt;&lt;tr&gt;&lt;td colspan="3"&gt;&lt;a href="selenium-screenshot-30.png"&gt;&lt;img src="selenium-screenshot-30.png" width="800px"&gt;&lt;/a&gt;</msg>
<status status="PASS" starttime="20180705 17:34:25.139" endtime="20180705 17:34:26.023"></status>
</kw>
<kw name="Input Text" library="SeleniumLibrary">
<doc>Types the given ``text`` into text field identified by ``locator``.</doc>
<arguments>
<arg>//*[@id="id_username"]</arg>
<arg>librarian1</arg>
</arguments>
<msg timestamp="20180705 17:34:26.023" level="INFO">Typing text 'librarian1' into text field '//*[@id="id_username"]'.</msg>
<status status="PASS" starttime="20180705 17:34:26.023" endtime="20180705 17:34:28.536"></status>
</kw>
<kw name="Input Text" library="SeleniumLibrary">
<doc>Types the given ``text`` into text field identified by ``locator``.</doc>
<arguments>
<arg>//*[@id="id_password"]</arg>
<arg>librarian1userpassword</arg>
</arguments>
<msg timestamp="20180705 17:34:28.537" level="INFO">Typing text 'librarian1userpassword' into text field '//*[@id="id_password"]'.</msg>
<status status="PASS" starttime="20180705 17:34:28.536" endtime="20180705 17:34:31.071"></status>
</kw>
<kw name="Click Button" library="SeleniumLibrary">
<doc>Clicks button identified by ``locator``.</doc>
<arguments>
<arg>//html/body/div[2]/div/div[3]/form/div[3]/input[1]</arg>
</arguments>
<msg timestamp="20180705 17:34:31.072" level="INFO">Clicking button '//html/body/div[2]/div/div[3]/form/div[3]/input[1]'.</msg>
<status status="PASS" starttime="20180705 17:34:31.071" endtime="20180705 17:34:33.768"></status>
</kw>
<kw name="Capture Page Screenshot" library="SeleniumLibrary">
<doc>Takes screenshot of the current page and embeds it into log file.</doc>
<msg timestamp="20180705 17:34:34.647" level="INFO" html="yes">&lt;/td&gt;&lt;/tr&gt;&lt;tr&gt;&lt;td colspan="3"&gt;&lt;a href="selenium-screenshot-31.png"&gt;&lt;img src="selenium-screenshot-31.png" width="800px"&gt;&lt;/a&gt;</msg>
<status status="PASS" starttime="20180705 17:34:33.769" endtime="20180705 17:34:34.647"></status>
</kw>
<status status="PASS" starttime="20180705 17:34:21.811" endtime="20180705 17:34:34.647" critical="yes"></status>
</test>
<test id="s1-t2" name="AddBookTestCaseOnChrome">
<kw name="Click Link" library="SeleniumLibrary">
<doc>Clicks a link identified by ``locator``.</doc>
<arguments>
<arg>//html/body/div[2]/div/div[1]/nav/ul/ul/li/a</arg>
</arguments>
<msg timestamp="20180705 17:34:34.650" level="INFO">Clicking link '//html/body/div[2]/div/div[1]/nav/ul/ul/li/a'.</msg>
<status status="PASS" starttime="20180705 17:34:34.650" endtime="20180705 17:34:37.230"></status>
</kw>
<kw name="Input Text" library="SeleniumLibrary">
<doc>Types the given ``text`` into text field identified by ``locator``.</doc>
<arguments>
<arg>//*[@id="id_title"]</arg>
<arg>New Book Added Through Robot</arg>
</arguments>
<msg timestamp="20180705 17:34:37.231" level="INFO">Typing text 'New Book Added Through Robot' into text field '//*[@id="id_title"]'.</msg>
<status status="PASS" starttime="20180705 17:34:37.230" endtime="20180705 17:34:39.800"></status>
</kw>
<kw name="Select From List" library="SeleniumLibrary">
<doc>Deprecated. Use `Select From List By Label/Value/Index` instead.</doc>
<arguments>
<arg>//*[@id="id_author"]</arg>
<arg>op, po</arg>
</arguments>
<msg timestamp="20180705 17:34:39.800" level="INFO">Selecting option(s) 'op, po' from list '//*[@id="id_author"]'.</msg>
<status status="PASS" starttime="20180705 17:34:39.800" endtime="20180705 17:34:46.338"></status>
</kw>
<kw name="Input Text" library="SeleniumLibrary">
<doc>Types the given ``text`` into text field identified by ``locator``.</doc>
<arguments>
<arg>//*[@id="id_summary"]</arg>
<arg>New Book Added Through Robot summary. New Book Added Through Robot summary.</arg>
</arguments>
<msg timestamp="20180705 17:34:46.339" level="INFO">Typing text 'New Book Added Through Robot summary. New Book Added Through Robot summary.' into text field '//*[@id="id_summary"]'.</msg>
<status status="PASS" starttime="20180705 17:34:46.338" endtime="20180705 17:34:49.008"></status>
</kw>
<kw name="Input Text" library="SeleniumLibrary">
<doc>Types the given ``text`` into text field identified by ``locator``.</doc>
<arguments>
<arg>//*[@id="id_isbn"]</arg>
<arg>45652</arg>
</arguments>
<msg timestamp="20180705 17:34:49.009" level="INFO">Typing text '45652' into text field '//*[@id="id_isbn"]'.</msg>
<status status="PASS" starttime="20180705 17:34:49.008" endtime="20180705 17:34:51.508"></status>
</kw>
<kw name="Input Text" library="SeleniumLibrary">
<doc>Types the given ``text`` into text field identified by ``locator``.</doc>
<arguments>
<arg>//*[@id="id_imprint"]</arg>
<arg>Random input for id_imprint</arg>
</arguments>
<msg timestamp="20180705 17:34:51.509" level="INFO">Typing text 'Random input for id_imprint' into text field '//*[@id="id_imprint"]'.</msg>
<status status="PASS" starttime="20180705 17:34:51.509" endtime="20180705 17:34:54.066"></status>
</kw>
<kw name="Select From List" library="SeleniumLibrary">
<doc>Deprecated. Use `Select From List By Label/Value/Index` instead.</doc>
<arguments>
<arg>//*[@id="id_genre"]</arg>
<arg>Drama, Mystery</arg>
</arguments>
<msg timestamp="20180705 17:34:54.066" level="INFO">Selecting option(s) 'Drama, Mystery' from list '//*[@id="id_genre"]'.</msg>
<kw name="Capture Page Screenshot" library="SeleniumLibrary">
<doc>Takes screenshot of the current page and embeds it into log file.</doc>
<msg timestamp="20180705 17:35:01.484" level="INFO" html="yes">&lt;/td&gt;&lt;/tr&gt;&lt;tr&gt;&lt;td colspan="3"&gt;&lt;a href="selenium-screenshot-32.png"&gt;&lt;img src="selenium-screenshot-32.png" width="800px"&gt;&lt;/a&gt;</msg>
<status status="PASS" starttime="20180705 17:35:00.597" endtime="20180705 17:35:01.484"></status>
</kw>
<msg timestamp="20180705 17:35:01.486" level="FAIL">ValueError: Options 'Drama, Mystery' not in list '//*[@id="id_genre"]'.</msg>
<status status="FAIL" starttime="20180705 17:34:54.066" endtime="20180705 17:35:01.486"></status>
</kw>
<status status="FAIL" starttime="20180705 17:34:34.649" endtime="20180705 17:35:01.487" critical="yes">ValueError: Options 'Drama, Mystery' not in list '//*[@id="id_genre"]'.</status>
</test>
<status status="FAIL" starttime="20180705 17:34:21.719" endtime="20180705 17:35:01.488"></status>
</suite>
<statistics>
<total>
<stat pass="1" fail="1">Critical Tests</stat>
<stat pass="1" fail="1">All Tests</stat>
</total>
<tag>
</tag>
<suite>
<stat pass="1" fail="1" id="s1" name="Test-Locallibrary">Test-Locallibrary</stat>
</suite>
</statistics>
<errors>
</errors>
</robot>
