<?xml version="1.0" encoding="UTF-8"?>
<robot generator="Robot 3.0.4 (Python 3.6.5 on linux)" generated="20180705 14:57:48.458">
<suite id="s1" name="Test-Locallibrary-Headless" source="/home/csd/lair/RobotTests/test-locallibrary-headless.robot">
<test id="s1-t1" name="Firefox">
<kw name="Open Browser" library="SeleniumLibrary">
<doc>Opens a new browser instance to the given ``url``.</doc>
<arguments>
<arg>${SERVER}/accounts/login/</arg>
<arg>${BROWSER}</arg>
</arguments>
<msg timestamp="20180705 14:57:48.625" level="INFO">Opening browser 'Firefox' to base url '127.1.0.0:8000/accounts/login/'.</msg>
<kw name="Capture Page Screenshot" library="SeleniumLibrary">
<doc>Takes screenshot of the current page and embeds it into log file.</doc>
<msg timestamp="20180705 14:57:48.631" level="INFO">Cannot capture screenshot because no browser is open.</msg>
<status status="PASS" starttime="20180705 14:57:48.630" endtime="20180705 14:57:48.631"></status>
</kw>
<msg timestamp="20180705 14:57:48.632" level="FAIL">WebDriverException: Message: 'geckodriver' executable needs to be in PATH. 
</msg>
<status status="FAIL" starttime="20180705 14:57:48.625" endtime="20180705 14:57:48.632"></status>
</kw>
<kw name="Close All Browser" type="teardown">
<msg timestamp="20180705 14:57:48.635" level="FAIL">No keyword with name 'Close All Browser' found. Did you mean:
    SeleniumLibrary.Close All Browsers
    SeleniumLibrary.Close Browser</msg>
<status status="FAIL" starttime="20180705 14:57:48.635" endtime="20180705 14:57:48.635">No keyword with name 'Close All Browser' found. Did you mean:
    SeleniumLibrary.Close All Browsers
    SeleniumLibrary.Close Browser</status>
</kw>
<status status="FAIL" starttime="20180705 14:57:48.625" endtime="20180705 14:57:48.636" critical="yes">WebDriverException: Message: 'geckodriver' executable needs to be in PATH. 


Also teardown failed:
No keyword with name 'Close All Browser' found. Did you mean:
    SeleniumLibrary.Close All Browsers
    SeleniumLibrary.Close Browser</status>
</test>
<status status="FAIL" starttime="20180705 14:57:48.459" endtime="20180705 14:57:48.636"></status>
</suite>
<statistics>
<total>
<stat pass="0" fail="1">Critical Tests</stat>
<stat pass="0" fail="1">All Tests</stat>
</total>
<tag>
</tag>
<suite>
<stat pass="0" fail="1" id="s1" name="Test-Locallibrary-Headless">Test-Locallibrary-Headless</stat>
</suite>
</statistics>
<errors>
</errors>
</robot>
