<?xml version="1.0" encoding="UTF-8"?>
<robot generator="Robot 3.0.4 (Python 3.6.5 on linux)" generated="20180706 15:56:45.136">
<suite id="s1" name="Test-Locallibrary" source="/home/csd/lair/DjangoProjects/locallibrary/RobotTests/test-locallibrary.robot">
<test id="s1-t1" name="Testing: Login">
<kw name="Set Selenium Speed" library="SeleniumLibrary">
<doc>Sets the delay that is waited after each Selenium command.</doc>
<arguments>
<arg>${SPEED}</arg>
</arguments>
<status status="PASS" starttime="20180706 15:56:45.228" endtime="20180706 15:56:45.228"></status>
</kw>
<kw name="Open Browser" library="SeleniumLibrary">
<doc>Opens a new browser instance to the given ``url``.</doc>
<arguments>
<arg>${LOGIN_URL}</arg>
<arg>${Browser_2}</arg>
</arguments>
<msg timestamp="20180706 15:56:45.228" level="INFO">Opening browser 'Firefox' to base url 'http://127.0.0.1:8000/accounts/login/'.</msg>
<status status="PASS" starttime="20180706 15:56:45.228" endtime="20180706 15:56:49.850"></status>
</kw>
<kw name="Open Browser" library="SeleniumLibrary">
<doc>Opens a new browser instance to the given ``url``.</doc>
<arguments>
<arg>${LOGIN_URL}</arg>
<arg>${BROWSER_1}</arg>
</arguments>
<msg timestamp="20180706 15:56:49.851" level="INFO">Opening browser 'Chrome' to base url 'http://127.0.0.1:8000/accounts/login/'.</msg>
<status status="PASS" starttime="20180706 15:56:49.850" endtime="20180706 15:56:53.924"></status>
</kw>
<kw name="Input Text" library="SeleniumLibrary">
<doc>Types the given ``text`` into text field identified by ``locator``.</doc>
<arguments>
<arg>//*[@id="id_username"]</arg>
<arg>librarian1</arg>
</arguments>
<msg timestamp="20180706 15:56:53.926" level="INFO">Typing text 'librarian1' into text field '//*[@id="id_username"]'.</msg>
<status status="PASS" starttime="20180706 15:56:53.925" endtime="20180706 15:56:56.731"></status>
</kw>
<kw name="Input Text" library="SeleniumLibrary">
<doc>Types the given ``text`` into text field identified by ``locator``.</doc>
<arguments>
<arg>//*[@id="id_password"]</arg>
<arg>librarian1userpassword</arg>
</arguments>
<msg timestamp="20180706 15:56:56.732" level="INFO">Typing text 'librarian1userpassword' into text field '//*[@id="id_password"]'.</msg>
<status status="PASS" starttime="20180706 15:56:56.731" endtime="20180706 15:56:59.576"></status>
</kw>
<kw name="Click Button" library="SeleniumLibrary">
<doc>Clicks button identified by ``locator``.</doc>
<arguments>
<arg>//html/body/div[2]/div/div[3]/form/div[3]/input[1]</arg>
</arguments>
<msg timestamp="20180706 15:56:59.577" level="INFO">Clicking button '//html/body/div[2]/div/div[3]/form/div[3]/input[1]'.</msg>
<status status="PASS" starttime="20180706 15:56:59.577" endtime="20180706 15:57:02.572"></status>
</kw>
<kw name="Capture Page Screenshot" library="SeleniumLibrary">
<doc>Takes screenshot of the current page and embeds it into log file.</doc>
<msg timestamp="20180706 15:57:03.554" level="INFO" html="yes">&lt;/td&gt;&lt;/tr&gt;&lt;tr&gt;&lt;td colspan="3"&gt;&lt;a href="selenium-screenshot-91.png"&gt;&lt;img src="selenium-screenshot-91.png" width="800px"&gt;&lt;/a&gt;</msg>
<status status="PASS" starttime="20180706 15:57:02.572" endtime="20180706 15:57:03.554"></status>
</kw>
<status status="PASS" starttime="20180706 15:56:45.227" endtime="20180706 15:57:03.555" critical="yes"></status>
</test>
<test id="s1-t2" name="Testing: Displaying Book List">
<kw name="Click Link" library="SeleniumLibrary">
<doc>Clicks a link identified by ``locator``.</doc>
<arguments>
<arg>//html/body/div[2]/div/div[1]/nav/ul/li[2]/a</arg>
</arguments>
<msg timestamp="20180706 15:57:03.558" level="INFO">Clicking link '//html/body/div[2]/div/div[1]/nav/ul/li[2]/a'.</msg>
<status status="PASS" starttime="20180706 15:57:03.558" endtime="20180706 15:57:06.440"></status>
</kw>
<status status="PASS" starttime="20180706 15:57:03.557" endtime="20180706 15:57:06.441" critical="yes"></status>
</test>
<test id="s1-t3" name="Testing: Book List Pagination">
<kw name="Click Link" library="SeleniumLibrary">
<doc>Clicks a link identified by ``locator``.</doc>
<arguments>
<arg>//html/body/div[2]/div/div[3]/ul/li[3]/a</arg>
</arguments>
<msg timestamp="20180706 15:57:06.443" level="INFO">Clicking link '//html/body/div[2]/div/div[3]/ul/li[3]/a'.</msg>
<status status="PASS" starttime="20180706 15:57:06.442" endtime="20180706 15:57:09.314"></status>
</kw>
<kw name="Click Link" library="SeleniumLibrary">
<doc>Clicks a link identified by ``locator``.</doc>
<arguments>
<arg>//html/body/div[2]/div/div[3]/ul/li[5]/a</arg>
</arguments>
<msg timestamp="20180706 15:57:09.315" level="INFO">Clicking link '//html/body/div[2]/div/div[3]/ul/li[5]/a'.</msg>
<status status="PASS" starttime="20180706 15:57:09.314" endtime="20180706 15:57:12.171"></status>
</kw>
<kw name="Click Link" library="SeleniumLibrary">
<doc>Clicks a link identified by ``locator``.</doc>
<arguments>
<arg>//html/body/div[2]/div/div[3]/ul/li[2]/span[1]</arg>
</arguments>
<msg timestamp="20180706 15:57:12.172" level="INFO">Clicking link '//html/body/div[2]/div/div[3]/ul/li[2]/span[1]'.</msg>
<kw name="Capture Page Screenshot" library="SeleniumLibrary">
<doc>Takes screenshot of the current page and embeds it into log file.</doc>
<msg timestamp="20180706 15:57:14.082" level="INFO" html="yes">&lt;/td&gt;&lt;/tr&gt;&lt;tr&gt;&lt;td colspan="3"&gt;&lt;a href="selenium-screenshot-92.png"&gt;&lt;img src="selenium-screenshot-92.png" width="800px"&gt;&lt;/a&gt;</msg>
<status status="PASS" starttime="20180706 15:57:13.096" endtime="20180706 15:57:14.083"></status>
</kw>
<msg timestamp="20180706 15:57:14.086" level="FAIL">Link with locator '//html/body/div[2]/div/div[3]/ul/li[2]/span[1]' not found.</msg>
<status status="FAIL" starttime="20180706 15:57:12.172" endtime="20180706 15:57:14.086"></status>
</kw>
<status status="FAIL" starttime="20180706 15:57:06.441" endtime="20180706 15:57:14.086" critical="yes">Link with locator '//html/body/div[2]/div/div[3]/ul/li[2]/span[1]' not found.</status>
</test>
<test id="s1-t4" name="Testing: Adding Book">
<kw name="Click Link" library="SeleniumLibrary">
<doc>Clicks a link identified by ``locator``.</doc>
<arguments>
<arg>//html/body/div[2]/div/div[1]/nav/ul/ul/li/a</arg>
</arguments>
<msg timestamp="20180706 15:57:14.090" level="INFO">Clicking link '//html/body/div[2]/div/div[1]/nav/ul/ul/li/a'.</msg>
<status status="PASS" starttime="20180706 15:57:14.089" endtime="20180706 15:57:16.952"></status>
</kw>
<kw name="Input Text" library="SeleniumLibrary">
<doc>Types the given ``text`` into text field identified by ``locator``.</doc>
<arguments>
<arg>//*[@id="id_title"]</arg>
<arg>New Book Added Through Robot</arg>
</arguments>
<msg timestamp="20180706 15:57:16.953" level="INFO">Typing text 'New Book Added Through Robot' into text field '//*[@id="id_title"]'.</msg>
<status status="PASS" starttime="20180706 15:57:16.952" endtime="20180706 15:57:19.819"></status>
</kw>
<kw name="Select From List" library="SeleniumLibrary">
<doc>Deprecated. Use `Select From List By Label/Value/Index` instead.</doc>
<arguments>
<arg>//*[@id="id_author"]</arg>
<arg>op, po</arg>
</arguments>
<msg timestamp="20180706 15:57:19.820" level="INFO">Selecting option(s) 'op, po' from list '//*[@id="id_author"]'.</msg>
<status status="PASS" starttime="20180706 15:57:19.820" endtime="20180706 15:57:27.164"></status>
</kw>
<kw name="Input Text" library="SeleniumLibrary">
<doc>Types the given ``text`` into text field identified by ``locator``.</doc>
<arguments>
<arg>//*[@id="id_summary"]</arg>
<arg>New Book Added Through Robot summary. New Book Added Through Robot summary.</arg>
</arguments>
<msg timestamp="20180706 15:57:27.165" level="INFO">Typing text 'New Book Added Through Robot summary. New Book Added Through Robot summary.' into text field '//*[@id="id_summary"]'.</msg>
<status status="PASS" starttime="20180706 15:57:27.164" endtime="20180706 15:57:30.150"></status>
</kw>
<kw name="Input Text" library="SeleniumLibrary">
<doc>Types the given ``text`` into text field identified by ``locator``.</doc>
<arguments>
<arg>//*[@id="id_isbn"]</arg>
<arg>45652</arg>
</arguments>
<msg timestamp="20180706 15:57:30.151" level="INFO">Typing text '45652' into text field '//*[@id="id_isbn"]'.</msg>
<status status="PASS" starttime="20180706 15:57:30.150" endtime="20180706 15:57:32.952"></status>
</kw>
<kw name="Input Text" library="SeleniumLibrary">
<doc>Types the given ``text`` into text field identified by ``locator``.</doc>
<arguments>
<arg>//*[@id="id_imprint"]</arg>
<arg>Random input for id_imprint</arg>
</arguments>
<msg timestamp="20180706 15:57:32.953" level="INFO">Typing text 'Random input for id_imprint' into text field '//*[@id="id_imprint"]'.</msg>
<status status="PASS" starttime="20180706 15:57:32.952" endtime="20180706 15:57:35.799"></status>
</kw>
<kw name="Select From List" library="SeleniumLibrary">
<doc>Deprecated. Use `Select From List By Label/Value/Index` instead.</doc>
<arguments>
<arg>//*[@id="id_genre"]</arg>
<arg>@{GENRE}</arg>
</arguments>
<msg timestamp="20180706 15:57:35.800" level="INFO">Selecting option(s) 'Mystery, Drama' from list '//*[@id="id_genre"]'.</msg>
<status status="PASS" starttime="20180706 15:57:35.800" endtime="20180706 15:57:46.847"></status>
</kw>
<kw name="Select From List" library="SeleniumLibrary">
<doc>Deprecated. Use `Select From List By Label/Value/Index` instead.</doc>
<arguments>
<arg>//*[@id="id_language"]</arg>
<arg>Filipino</arg>
</arguments>
<msg timestamp="20180706 15:57:46.847" level="INFO">Selecting option(s) 'Filipino' from list '//*[@id="id_language"]'.</msg>
<status status="PASS" starttime="20180706 15:57:46.847" endtime="20180706 15:57:54.191"></status>
</kw>
<kw name="Capture Page Screenshot" library="SeleniumLibrary">
<doc>Takes screenshot of the current page and embeds it into log file.</doc>
<msg timestamp="20180706 15:57:55.188" level="INFO" html="yes">&lt;/td&gt;&lt;/tr&gt;&lt;tr&gt;&lt;td colspan="3"&gt;&lt;a href="selenium-screenshot-93.png"&gt;&lt;img src="selenium-screenshot-93.png" width="800px"&gt;&lt;/a&gt;</msg>
<status status="PASS" starttime="20180706 15:57:54.191" endtime="20180706 15:57:55.188"></status>
</kw>
<kw name="Click Button" library="SeleniumLibrary">
<doc>Clicks button identified by ``locator``.</doc>
<arguments>
<arg>//html/body/div[2]/div/div[3]/form/input[2]</arg>
</arguments>
<msg timestamp="20180706 15:57:55.189" level="INFO">Clicking button '//html/body/div[2]/div/div[3]/form/input[2]'.</msg>
<status status="PASS" starttime="20180706 15:57:55.188" endtime="20180706 15:57:58.118"></status>
</kw>
<kw name="Capture Page Screenshot" library="SeleniumLibrary">
<doc>Takes screenshot of the current page and embeds it into log file.</doc>
<msg timestamp="20180706 15:57:59.114" level="INFO" html="yes">&lt;/td&gt;&lt;/tr&gt;&lt;tr&gt;&lt;td colspan="3"&gt;&lt;a href="selenium-screenshot-94.png"&gt;&lt;img src="selenium-screenshot-94.png" width="800px"&gt;&lt;/a&gt;</msg>
<status status="PASS" starttime="20180706 15:57:58.118" endtime="20180706 15:57:59.114"></status>
</kw>
<status status="PASS" starttime="20180706 15:57:14.087" endtime="20180706 15:57:59.114" critical="yes"></status>
</test>
<test id="s1-t5" name="Testing: Updating Book">
<kw name="Click Element" library="SeleniumLibrary">
<doc>Click element identified by ``locator``.</doc>
<arguments>
<arg>//html/body/div[2]/div/div[3]/span/a[1]/span</arg>
</arguments>
<msg timestamp="20180706 15:57:59.117" level="INFO">Clicking element '//html/body/div[2]/div/div[3]/span/a[1]/span'.</msg>
<status status="PASS" starttime="20180706 15:57:59.116" endtime="20180706 15:58:01.094"></status>
</kw>
<kw name="Input Text" library="SeleniumLibrary">
<doc>Types the given ``text`` into text field identified by ``locator``.</doc>
<arguments>
<arg>//*[@id="id_title"]</arg>
<arg>UPDATED New Book Added Through Robot</arg>
</arguments>
<msg timestamp="20180706 15:58:01.095" level="INFO">Typing text 'UPDATED New Book Added Through Robot' into text field '//*[@id="id_title"]'.</msg>
<status status="PASS" starttime="20180706 15:58:01.095" endtime="20180706 15:58:03.992"></status>
</kw>
<kw name="Capture Page Screenshot" library="SeleniumLibrary">
<doc>Takes screenshot of the current page and embeds it into log file.</doc>
<msg timestamp="20180706 15:58:04.980" level="INFO" html="yes">&lt;/td&gt;&lt;/tr&gt;&lt;tr&gt;&lt;td colspan="3"&gt;&lt;a href="selenium-screenshot-95.png"&gt;&lt;img src="selenium-screenshot-95.png" width="800px"&gt;&lt;/a&gt;</msg>
<status status="PASS" starttime="20180706 15:58:03.993" endtime="20180706 15:58:04.980"></status>
</kw>
<kw name="Click Button" library="SeleniumLibrary">
<doc>Clicks button identified by ``locator``.</doc>
<arguments>
<arg>//html/body/div[2]/div/div[3]/form/input[2]</arg>
</arguments>
<msg timestamp="20180706 15:58:04.981" level="INFO">Clicking button '//html/body/div[2]/div/div[3]/form/input[2]'.</msg>
<status status="PASS" starttime="20180706 15:58:04.980" endtime="20180706 15:58:07.863"></status>
</kw>
<kw name="Capture Page Screenshot" library="SeleniumLibrary">
<doc>Takes screenshot of the current page and embeds it into log file.</doc>
<msg timestamp="20180706 15:58:08.853" level="INFO" html="yes">&lt;/td&gt;&lt;/tr&gt;&lt;tr&gt;&lt;td colspan="3"&gt;&lt;a href="selenium-screenshot-96.png"&gt;&lt;img src="selenium-screenshot-96.png" width="800px"&gt;&lt;/a&gt;</msg>
<status status="PASS" starttime="20180706 15:58:07.863" endtime="20180706 15:58:08.854"></status>
</kw>
<status status="PASS" starttime="20180706 15:57:59.115" endtime="20180706 15:58:08.854" critical="yes"></status>
</test>
<test id="s1-t6" name="Testing: Adding Book Instance">
<kw name="Click Element" library="SeleniumLibrary">
<doc>Click element identified by ``locator``.</doc>
<arguments>
<arg>//html/body/div[2]/div/div[3]/span/a[3]/span</arg>
</arguments>
<msg timestamp="20180706 15:58:08.857" level="INFO">Clicking element '//html/body/div[2]/div/div[3]/span/a[3]/span'.</msg>
<status status="PASS" starttime="20180706 15:58:08.857" endtime="20180706 15:58:10.797"></status>
</kw>
<kw name="Select From List" library="SeleniumLibrary">
<doc>Deprecated. Use `Select From List By Label/Value/Index` instead.</doc>
<arguments>
<arg>//*[@id="id_status"]</arg>
<arg>Available</arg>
</arguments>
<msg timestamp="20180706 15:58:10.798" level="INFO">Selecting option(s) 'Available' from list '//*[@id="id_status"]'.</msg>
<status status="PASS" starttime="20180706 15:58:10.798" endtime="20180706 15:58:17.207"></status>
</kw>
<kw name="Click Button" library="SeleniumLibrary">
<doc>Clicks button identified by ``locator``.</doc>
<arguments>
<arg>//html/body/div[2]/div/div[3]/form/input[2]</arg>
</arguments>
<msg timestamp="20180706 15:58:17.208" level="INFO">Clicking button '//html/body/div[2]/div/div[3]/form/input[2]'.</msg>
<status status="PASS" starttime="20180706 15:58:17.208" endtime="20180706 15:58:20.106"></status>
</kw>
<kw name="Capture Page Screenshot" library="SeleniumLibrary">
<doc>Takes screenshot of the current page and embeds it into log file.</doc>
<msg timestamp="20180706 15:58:21.100" level="INFO" html="yes">&lt;/td&gt;&lt;/tr&gt;&lt;tr&gt;&lt;td colspan="3"&gt;&lt;a href="selenium-screenshot-97.png"&gt;&lt;img src="selenium-screenshot-97.png" width="800px"&gt;&lt;/a&gt;</msg>
<status status="PASS" starttime="20180706 15:58:20.107" endtime="20180706 15:58:21.100"></status>
</kw>
<status status="PASS" starttime="20180706 15:58:08.855" endtime="20180706 15:58:21.100" critical="yes"></status>
</test>
<test id="s1-t7" name="Testing Deleting Book">
<kw name="Click Element" library="SeleniumLibrary">
<doc>Click element identified by ``locator``.</doc>
<arguments>
<arg>//html/body/div[2]/div/div[3]/span/a[2]/span</arg>
</arguments>
<msg timestamp="20180706 15:58:21.104" level="INFO">Clicking element '//html/body/div[2]/div/div[3]/span/a[2]/span'.</msg>
<status status="PASS" starttime="20180706 15:58:21.103" endtime="20180706 15:58:23.045"></status>
</kw>
<kw name="Click Button" library="SeleniumLibrary">
<doc>Clicks button identified by ``locator``.</doc>
<arguments>
<arg>//html/body/div[2]/div/div[3]/form/input[2]</arg>
</arguments>
<msg timestamp="20180706 15:58:23.046" level="INFO">Clicking button '//html/body/div[2]/div/div[3]/form/input[2]'.</msg>
<status status="PASS" starttime="20180706 15:58:23.045" endtime="20180706 15:58:25.955"></status>
</kw>
<kw name="Capture Page Screenshot" library="SeleniumLibrary">
<doc>Takes screenshot of the current page and embeds it into log file.</doc>
<msg timestamp="20180706 15:58:26.950" level="INFO" html="yes">&lt;/td&gt;&lt;/tr&gt;&lt;tr&gt;&lt;td colspan="3"&gt;&lt;a href="selenium-screenshot-98.png"&gt;&lt;img src="selenium-screenshot-98.png" width="800px"&gt;&lt;/a&gt;</msg>
<status status="PASS" starttime="20180706 15:58:25.955" endtime="20180706 15:58:26.950"></status>
</kw>
<status status="PASS" starttime="20180706 15:58:21.102" endtime="20180706 15:58:26.950" critical="yes"></status>
</test>
<test id="s1-t8" name="Testing: Displaying Author List">
<kw name="Click Link" library="SeleniumLibrary">
<doc>Clicks a link identified by ``locator``.</doc>
<arguments>
<arg>//html/body/div[2]/div/div[1]/nav/ul/li[3]/a</arg>
</arguments>
<msg timestamp="20180706 15:58:26.953" level="INFO">Clicking link '//html/body/div[2]/div/div[1]/nav/ul/li[3]/a'.</msg>
<status status="PASS" starttime="20180706 15:58:26.952" endtime="20180706 15:58:29.795"></status>
</kw>
<status status="PASS" starttime="20180706 15:58:26.951" endtime="20180706 15:58:29.795" critical="yes"></status>
</test>
<test id="s1-t9" name="Testing: Author List Pagination">
<status status="FAIL" starttime="20180706 15:58:29.795" endtime="20180706 15:58:29.796" critical="yes">Test case contains no keywords.</status>
</test>
<test id="s1-t10" name="Testing: Adding Author">
<kw name="Click Link" library="SeleniumLibrary">
<doc>Clicks a link identified by ``locator``.</doc>
<arguments>
<arg>//html/body/div[2]/div/div[1]/nav/ul/li[4]/ul/li/a</arg>
</arguments>
<msg timestamp="20180706 15:58:29.797" level="INFO">Clicking link '//html/body/div[2]/div/div[1]/nav/ul/li[4]/ul/li/a'.</msg>
<status status="PASS" starttime="20180706 15:58:29.797" endtime="20180706 15:58:32.648"></status>
</kw>
<kw name="Input Text" library="SeleniumLibrary">
<doc>Types the given ``text`` into text field identified by ``locator``.</doc>
<arguments>
<arg>//*[@id="id_first_name"]</arg>
<arg>New Author First Name Added through Robot</arg>
</arguments>
<msg timestamp="20180706 15:58:32.649" level="INFO">Typing text 'New Author First Name Added through Robot' into text field '//*[@id="id_first_name"]'.</msg>
<status status="PASS" starttime="20180706 15:58:32.648" endtime="20180706 15:58:35.527"></status>
</kw>
<kw name="Input Text" library="SeleniumLibrary">
<doc>Types the given ``text`` into text field identified by ``locator``.</doc>
<arguments>
<arg>//*[@id="id_last_name"]</arg>
<arg>New Author Last Name Added Through Robot</arg>
</arguments>
<msg timestamp="20180706 15:58:35.528" level="INFO">Typing text 'New Author Last Name Added Through Robot' into text field '//*[@id="id_last_name"]'.</msg>
<status status="PASS" starttime="20180706 15:58:35.527" endtime="20180706 15:58:38.419"></status>
</kw>
<kw name="Input Text" library="SeleniumLibrary">
<doc>Types the given ``text`` into text field identified by ``locator``.</doc>
<arguments>
<arg>//*[@id="id_date_of_birth"]</arg>
<arg>1996-5-5</arg>
</arguments>
<msg timestamp="20180706 15:58:38.420" level="INFO">Typing text '1996-5-5' into text field '//*[@id="id_date_of_birth"]'.</msg>
<status status="PASS" starttime="20180706 15:58:38.420" endtime="20180706 15:58:41.227"></status>
</kw>
<kw name="Click Button" library="SeleniumLibrary">
<doc>Clicks button identified by ``locator``.</doc>
<arguments>
<arg>//html/body/div[2]/div/div[3]/form/input[2]</arg>
</arguments>
<msg timestamp="20180706 15:58:41.228" level="INFO">Clicking button '//html/body/div[2]/div/div[3]/form/input[2]'.</msg>
<status status="PASS" starttime="20180706 15:58:41.228" endtime="20180706 15:58:44.125"></status>
</kw>
<status status="PASS" starttime="20180706 15:58:29.796" endtime="20180706 15:58:44.125" critical="yes"></status>
</test>
<test id="s1-t11" name="Testing: Updating Author Detail">
<kw name="Click Element" library="SeleniumLibrary">
<doc>Click element identified by ``locator``.</doc>
<arguments>
<arg>//html/body/div[2]/div/div[3]/a[1]/span</arg>
</arguments>
<msg timestamp="20180706 15:58:44.126" level="INFO">Clicking element '//html/body/div[2]/div/div[3]/a[1]/span'.</msg>
<status status="PASS" starttime="20180706 15:58:44.126" endtime="20180706 15:58:46.063"></status>
</kw>
<kw name="Input Text" library="SeleniumLibrary">
<doc>Types the given ``text`` into text field identified by ``locator``.</doc>
<arguments>
<arg>//*[@id="id_first_name"]</arg>
<arg>Updated Name</arg>
</arguments>
<msg timestamp="20180706 15:58:46.064" level="INFO">Typing text 'Updated Name' into text field '//*[@id="id_first_name"]'.</msg>
<status status="PASS" starttime="20180706 15:58:46.063" endtime="20180706 15:58:48.878"></status>
</kw>
<kw name="Click Button" library="SeleniumLibrary">
<doc>Clicks button identified by ``locator``.</doc>
<arguments>
<arg>//html/body/div[2]/div/div[3]/form/input[2]</arg>
</arguments>
<msg timestamp="20180706 15:58:48.879" level="INFO">Clicking button '//html/body/div[2]/div/div[3]/form/input[2]'.</msg>
<status status="PASS" starttime="20180706 15:58:48.878" endtime="20180706 15:58:51.767"></status>
</kw>
<status status="PASS" starttime="20180706 15:58:44.126" endtime="20180706 15:58:51.767" critical="yes"></status>
</test>
<test id="s1-t12" name="Testing: Deleting Author">
<kw name="Click Element" library="SeleniumLibrary">
<doc>Click element identified by ``locator``.</doc>
<arguments>
<arg>//html/body/div[2]/div/div[3]/a[2]/span</arg>
</arguments>
<msg timestamp="20180706 15:58:51.769" level="INFO">Clicking element '//html/body/div[2]/div/div[3]/a[2]/span'.</msg>
<status status="PASS" starttime="20180706 15:58:51.769" endtime="20180706 15:58:53.720"></status>
</kw>
<kw name="Click Button" library="SeleniumLibrary">
<doc>Clicks button identified by ``locator``.</doc>
<arguments>
<arg>//html/body/div[2]/div/div[3]/form/input[2]</arg>
</arguments>
<msg timestamp="20180706 15:58:53.721" level="INFO">Clicking button '//html/body/div[2]/div/div[3]/form/input[2]'.</msg>
<status status="PASS" starttime="20180706 15:58:53.721" endtime="20180706 15:58:56.606"></status>
</kw>
<status status="PASS" starttime="20180706 15:58:51.768" endtime="20180706 15:58:56.607" critical="yes"></status>
</test>
<status status="FAIL" starttime="20180706 15:56:45.137" endtime="20180706 15:58:56.610"></status>
</suite>
<statistics>
<total>
<stat pass="10" fail="2">Critical Tests</stat>
<stat pass="10" fail="2">All Tests</stat>
</total>
<tag>
</tag>
<suite>
<stat pass="10" fail="2" id="s1" name="Test-Locallibrary">Test-Locallibrary</stat>
</suite>
</statistics>
<errors>
</errors>
</robot>
