<?xml version="1.0" encoding="UTF-8"?>
<robot generator="Robot 3.0.4 (Python 3.6.5 on linux)" generated="20180705 17:50:31.997">
<suite id="s1" name="Test-Locallibrary" source="/home/csd/lair/RobotTests/test-locallibrary.robot">
<test id="s1-t1" name="Testing Login on Chrome">
<kw name="Set Selenium Speed" library="SeleniumLibrary">
<doc>Sets the delay that is waited after each Selenium command.</doc>
<arguments>
<arg>${SPEED}</arg>
</arguments>
<status status="PASS" starttime="20180705 17:50:32.093" endtime="20180705 17:50:32.093"></status>
</kw>
<kw name="Open Browser" library="SeleniumLibrary">
<doc>Opens a new browser instance to the given ``url``.</doc>
<arguments>
<arg>${LOGIN_URL}</arg>
<arg>${BROWSER}</arg>
</arguments>
<msg timestamp="20180705 17:50:32.094" level="INFO">Opening browser 'Chrome' to base url 'http://127.0.0.1:8000/accounts/login/'.</msg>
<status status="PASS" starttime="20180705 17:50:32.093" endtime="20180705 17:50:35.564"></status>
</kw>
<kw name="Capture Page Screenshot" library="SeleniumLibrary">
<doc>Takes screenshot of the current page and embeds it into log file.</doc>
<msg timestamp="20180705 17:50:36.551" level="INFO" html="yes">&lt;/td&gt;&lt;/tr&gt;&lt;tr&gt;&lt;td colspan="3"&gt;&lt;a href="selenium-screenshot-44.png"&gt;&lt;img src="selenium-screenshot-44.png" width="800px"&gt;&lt;/a&gt;</msg>
<status status="PASS" starttime="20180705 17:50:35.565" endtime="20180705 17:50:36.552"></status>
</kw>
<kw name="Input Text" library="SeleniumLibrary">
<doc>Types the given ``text`` into text field identified by ``locator``.</doc>
<arguments>
<arg>//*[@id="id_username"]</arg>
<arg>librarian1</arg>
</arguments>
<msg timestamp="20180705 17:50:36.552" level="INFO">Typing text 'librarian1' into text field '//*[@id="id_username"]'.</msg>
<status status="PASS" starttime="20180705 17:50:36.552" endtime="20180705 17:50:39.357"></status>
</kw>
<kw name="Input Text" library="SeleniumLibrary">
<doc>Types the given ``text`` into text field identified by ``locator``.</doc>
<arguments>
<arg>//*[@id="id_password"]</arg>
<arg>librarian1userpassword</arg>
</arguments>
<msg timestamp="20180705 17:50:39.357" level="INFO">Typing text 'librarian1userpassword' into text field '//*[@id="id_password"]'.</msg>
<status status="PASS" starttime="20180705 17:50:39.357" endtime="20180705 17:50:42.190"></status>
</kw>
<kw name="Click Button" library="SeleniumLibrary">
<doc>Clicks button identified by ``locator``.</doc>
<arguments>
<arg>//html/body/div[2]/div/div[3]/form/div[3]/input[1]</arg>
</arguments>
<msg timestamp="20180705 17:50:42.191" level="INFO">Clicking button '//html/body/div[2]/div/div[3]/form/div[3]/input[1]'.</msg>
<status status="PASS" starttime="20180705 17:50:42.191" endtime="20180705 17:50:45.258"></status>
</kw>
<kw name="Capture Page Screenshot" library="SeleniumLibrary">
<doc>Takes screenshot of the current page and embeds it into log file.</doc>
<msg timestamp="20180705 17:50:46.240" level="INFO" html="yes">&lt;/td&gt;&lt;/tr&gt;&lt;tr&gt;&lt;td colspan="3"&gt;&lt;a href="selenium-screenshot-45.png"&gt;&lt;img src="selenium-screenshot-45.png" width="800px"&gt;&lt;/a&gt;</msg>
<status status="PASS" starttime="20180705 17:50:45.258" endtime="20180705 17:50:46.240"></status>
</kw>
<status status="PASS" starttime="20180705 17:50:32.092" endtime="20180705 17:50:46.241" critical="yes"></status>
</test>
<test id="s1-t2" name="Testing Adding Book Feature on Chrome">
<kw name="Click Link" library="SeleniumLibrary">
<doc>Clicks a link identified by ``locator``.</doc>
<arguments>
<arg>//html/body/div[2]/div/div[1]/nav/ul/ul/li/a</arg>
</arguments>
<msg timestamp="20180705 17:50:46.244" level="INFO">Clicking link '//html/body/div[2]/div/div[1]/nav/ul/ul/li/a'.</msg>
<status status="PASS" starttime="20180705 17:50:46.244" endtime="20180705 17:50:49.109"></status>
</kw>
<kw name="Input Text" library="SeleniumLibrary">
<doc>Types the given ``text`` into text field identified by ``locator``.</doc>
<arguments>
<arg>//*[@id="id_title"]</arg>
<arg>New Book Added Through Robot</arg>
</arguments>
<msg timestamp="20180705 17:50:49.109" level="INFO">Typing text 'New Book Added Through Robot' into text field '//*[@id="id_title"]'.</msg>
<status status="PASS" starttime="20180705 17:50:49.109" endtime="20180705 17:50:51.985"></status>
</kw>
<kw name="Select From List" library="SeleniumLibrary">
<doc>Deprecated. Use `Select From List By Label/Value/Index` instead.</doc>
<arguments>
<arg>//*[@id="id_author"]</arg>
<arg>op, po</arg>
</arguments>
<msg timestamp="20180705 17:50:51.985" level="INFO">Selecting option(s) 'op, po' from list '//*[@id="id_author"]'.</msg>
<status status="PASS" starttime="20180705 17:50:51.985" endtime="20180705 17:50:59.327"></status>
</kw>
<kw name="Input Text" library="SeleniumLibrary">
<doc>Types the given ``text`` into text field identified by ``locator``.</doc>
<arguments>
<arg>//*[@id="id_summary"]</arg>
<arg>New Book Added Through Robot summary. New Book Added Through Robot summary.</arg>
</arguments>
<msg timestamp="20180705 17:50:59.328" level="INFO">Typing text 'New Book Added Through Robot summary. New Book Added Through Robot summary.' into text field '//*[@id="id_summary"]'.</msg>
<status status="PASS" starttime="20180705 17:50:59.327" endtime="20180705 17:51:02.319"></status>
</kw>
<kw name="Input Text" library="SeleniumLibrary">
<doc>Types the given ``text`` into text field identified by ``locator``.</doc>
<arguments>
<arg>//*[@id="id_isbn"]</arg>
<arg>45652</arg>
</arguments>
<msg timestamp="20180705 17:51:02.320" level="INFO">Typing text '45652' into text field '//*[@id="id_isbn"]'.</msg>
<status status="PASS" starttime="20180705 17:51:02.319" endtime="20180705 17:51:05.119"></status>
</kw>
<kw name="Input Text" library="SeleniumLibrary">
<doc>Types the given ``text`` into text field identified by ``locator``.</doc>
<arguments>
<arg>//*[@id="id_imprint"]</arg>
<arg>Random input for id_imprint</arg>
</arguments>
<msg timestamp="20180705 17:51:05.120" level="INFO">Typing text 'Random input for id_imprint' into text field '//*[@id="id_imprint"]'.</msg>
<status status="PASS" starttime="20180705 17:51:05.120" endtime="20180705 17:51:07.975"></status>
</kw>
<kw name="Select From List" library="SeleniumLibrary">
<doc>Deprecated. Use `Select From List By Label/Value/Index` instead.</doc>
<arguments>
<arg>//*[@id="id_genre"]</arg>
<arg>@{GENRE}</arg>
</arguments>
<msg timestamp="20180705 17:51:07.975" level="INFO">Selecting option(s) 'Mystery, Drama' from list '//*[@id="id_genre"]'.</msg>
<status status="PASS" starttime="20180705 17:51:07.975" endtime="20180705 17:51:19.035"></status>
</kw>
<kw name="Select From List" library="SeleniumLibrary">
<doc>Deprecated. Use `Select From List By Label/Value/Index` instead.</doc>
<arguments>
<arg>//*[@id="id_language"]</arg>
<arg>Filipino</arg>
</arguments>
<msg timestamp="20180705 17:51:19.035" level="INFO">Selecting option(s) 'Filipino' from list '//*[@id="id_language"]'.</msg>
<status status="PASS" starttime="20180705 17:51:19.035" endtime="20180705 17:51:26.369"></status>
</kw>
<kw name="Input Text" library="SeleniumLibrary">
<doc>Types the given ``text`` into text field identified by ``locator``.</doc>
<arguments>
<arg>//*[@id="id_copies"]</arg>
<arg>d1</arg>
</arguments>
<msg timestamp="20180705 17:51:26.370" level="INFO">Typing text 'd1' into text field '//*[@id="id_copies"]'.</msg>
<kw name="Capture Page Screenshot" library="SeleniumLibrary">
<doc>Takes screenshot of the current page and embeds it into log file.</doc>
<msg timestamp="20180705 17:51:28.275" level="INFO" html="yes">&lt;/td&gt;&lt;/tr&gt;&lt;tr&gt;&lt;td colspan="3"&gt;&lt;a href="selenium-screenshot-46.png"&gt;&lt;img src="selenium-screenshot-46.png" width="800px"&gt;&lt;/a&gt;</msg>
<status status="PASS" starttime="20180705 17:51:27.291" endtime="20180705 17:51:28.276"></status>
</kw>
<msg timestamp="20180705 17:51:28.277" level="FAIL">Element with locator '//*[@id="id_copies"]' not found.</msg>
<status status="FAIL" starttime="20180705 17:51:26.369" endtime="20180705 17:51:28.278"></status>
</kw>
<status status="FAIL" starttime="20180705 17:50:46.242" endtime="20180705 17:51:28.278" critical="yes">Element with locator '//*[@id="id_copies"]' not found.</status>
</test>
<test id="s1-t3" name="Testing Updating Book on Chrome">
<kw name="Click Elemet //html/body/div[2]/div/div[3]/span/a[1]/span">
<msg timestamp="20180705 17:51:28.287" level="FAIL">No keyword with name 'Click Elemet //html/body/div[2]/div/div[3]/span/a[1]/span' found.</msg>
<status status="FAIL" starttime="20180705 17:51:28.287" endtime="20180705 17:51:28.287"></status>
</kw>
<status status="FAIL" starttime="20180705 17:51:28.280" endtime="20180705 17:51:28.288" critical="yes">No keyword with name 'Click Elemet //html/body/div[2]/div/div[3]/span/a[1]/span' found.</status>
</test>
<status status="FAIL" starttime="20180705 17:50:31.998" endtime="20180705 17:51:28.288"></status>
</suite>
<statistics>
<total>
<stat pass="1" fail="2">Critical Tests</stat>
<stat pass="1" fail="2">All Tests</stat>
</total>
<tag>
</tag>
<suite>
<stat pass="1" fail="2" id="s1" name="Test-Locallibrary">Test-Locallibrary</stat>
</suite>
</statistics>
<errors>
</errors>
</robot>
