<?xml version="1.0" encoding="UTF-8"?>
<robot generator="Robot 3.0.4 (Python 3.6.5 on linux)" generated="20180706 08:45:37.772">
<suite id="s1" name="Test-Locallibrary" source="/home/csd/lair/DjangoProjects/locallibrary/RobotTests/test-locallibrary.robot">
<test id="s1-t1" name="Testing Login">
<kw name="Set Selenium Speed" library="SeleniumLibrary">
<doc>Sets the delay that is waited after each Selenium command.</doc>
<arguments>
<arg>${SPEED}</arg>
</arguments>
<status status="PASS" starttime="20180706 08:45:38.030" endtime="20180706 08:45:38.030"></status>
</kw>
<kw name="Open Browser" library="SeleniumLibrary">
<doc>Opens a new browser instance to the given ``url``.</doc>
<arguments>
<arg>${LOGIN_URL}</arg>
<arg>${BROWSER}</arg>
</arguments>
<msg timestamp="20180706 08:45:38.031" level="INFO">Opening browser 'Chrome' to base url 'http://127.0.0.1:8000/accounts/login/'.</msg>
<status status="PASS" starttime="20180706 08:45:38.030" endtime="20180706 08:45:48.343"></status>
</kw>
<kw name="Capture Page Screenshot" library="SeleniumLibrary">
<doc>Takes screenshot of the current page and embeds it into log file.</doc>
<msg timestamp="20180706 08:45:49.328" level="INFO" html="yes">&lt;/td&gt;&lt;/tr&gt;&lt;tr&gt;&lt;td colspan="3"&gt;&lt;a href="selenium-screenshot-68.png"&gt;&lt;img src="selenium-screenshot-68.png" width="800px"&gt;&lt;/a&gt;</msg>
<status status="PASS" starttime="20180706 08:45:48.343" endtime="20180706 08:45:49.329"></status>
</kw>
<kw name="Input Text" library="SeleniumLibrary">
<doc>Types the given ``text`` into text field identified by ``locator``.</doc>
<arguments>
<arg>//*[@id="id_username"]</arg>
<arg>librarian1</arg>
</arguments>
<msg timestamp="20180706 08:45:49.330" level="INFO">Typing text 'librarian1' into text field '//*[@id="id_username"]'.</msg>
<status status="PASS" starttime="20180706 08:45:49.329" endtime="20180706 08:45:52.210"></status>
</kw>
<kw name="Input Text" library="SeleniumLibrary">
<doc>Types the given ``text`` into text field identified by ``locator``.</doc>
<arguments>
<arg>//*[@id="id_password"]</arg>
<arg>librarian1userpassword</arg>
</arguments>
<msg timestamp="20180706 08:45:52.210" level="INFO">Typing text 'librarian1userpassword' into text field '//*[@id="id_password"]'.</msg>
<status status="PASS" starttime="20180706 08:45:52.210" endtime="20180706 08:45:55.053"></status>
</kw>
<kw name="Click Button" library="SeleniumLibrary">
<doc>Clicks button identified by ``locator``.</doc>
<arguments>
<arg>//html/body/div[2]/div/div[3]/form/div[3]/input[1]</arg>
</arguments>
<msg timestamp="20180706 08:45:55.053" level="INFO">Clicking button '//html/body/div[2]/div/div[3]/form/div[3]/input[1]'.</msg>
<status status="PASS" starttime="20180706 08:45:55.053" endtime="20180706 08:45:58.121"></status>
</kw>
<kw name="Capture Page Screenshot" library="SeleniumLibrary">
<doc>Takes screenshot of the current page and embeds it into log file.</doc>
<msg timestamp="20180706 08:45:59.136" level="INFO" html="yes">&lt;/td&gt;&lt;/tr&gt;&lt;tr&gt;&lt;td colspan="3"&gt;&lt;a href="selenium-screenshot-69.png"&gt;&lt;img src="selenium-screenshot-69.png" width="800px"&gt;&lt;/a&gt;</msg>
<status status="PASS" starttime="20180706 08:45:58.121" endtime="20180706 08:45:59.136"></status>
</kw>
<status status="PASS" starttime="20180706 08:45:38.029" endtime="20180706 08:45:59.137" critical="yes"></status>
</test>
<test id="s1-t2" name="Testing Adding Book Feature">
<kw name="Click Link" library="SeleniumLibrary">
<doc>Clicks a link identified by ``locator``.</doc>
<arguments>
<arg>//html/body/div[2]/div/div[1]/nav/ul/ul/li/a</arg>
</arguments>
<msg timestamp="20180706 08:45:59.140" level="INFO">Clicking link '//html/body/div[2]/div/div[1]/nav/ul/ul/li/a'.</msg>
<status status="PASS" starttime="20180706 08:45:59.140" endtime="20180706 08:46:02.102"></status>
</kw>
<kw name="Input Text" library="SeleniumLibrary">
<doc>Types the given ``text`` into text field identified by ``locator``.</doc>
<arguments>
<arg>//*[@id="id_title"]</arg>
<arg>New Book Added Through Robot</arg>
</arguments>
<msg timestamp="20180706 08:46:02.102" level="INFO">Typing text 'New Book Added Through Robot' into text field '//*[@id="id_title"]'.</msg>
<status status="PASS" starttime="20180706 08:46:02.102" endtime="20180706 08:46:04.980"></status>
</kw>
<kw name="Select From List" library="SeleniumLibrary">
<doc>Deprecated. Use `Select From List By Label/Value/Index` instead.</doc>
<arguments>
<arg>//*[@id="id_author"]</arg>
<arg>op, po</arg>
</arguments>
<msg timestamp="20180706 08:46:04.981" level="INFO">Selecting option(s) 'op, po' from list '//*[@id="id_author"]'.</msg>
<status status="PASS" starttime="20180706 08:46:04.980" endtime="20180706 08:46:12.329"></status>
</kw>
<kw name="Input Text" library="SeleniumLibrary">
<doc>Types the given ``text`` into text field identified by ``locator``.</doc>
<arguments>
<arg>//*[@id="id_summary"]</arg>
<arg>New Book Added Through Robot summary. New Book Added Through Robot summary.</arg>
</arguments>
<msg timestamp="20180706 08:46:12.330" level="INFO">Typing text 'New Book Added Through Robot summary. New Book Added Through Robot summary.' into text field '//*[@id="id_summary"]'.</msg>
<status status="PASS" starttime="20180706 08:46:12.329" endtime="20180706 08:46:15.340"></status>
</kw>
<kw name="Input Text" library="SeleniumLibrary">
<doc>Types the given ``text`` into text field identified by ``locator``.</doc>
<arguments>
<arg>//*[@id="id_isbn"]</arg>
<arg>45652</arg>
</arguments>
<msg timestamp="20180706 08:46:15.340" level="INFO">Typing text '45652' into text field '//*[@id="id_isbn"]'.</msg>
<status status="PASS" starttime="20180706 08:46:15.340" endtime="20180706 08:46:18.129"></status>
</kw>
<kw name="Input Text" library="SeleniumLibrary">
<doc>Types the given ``text`` into text field identified by ``locator``.</doc>
<arguments>
<arg>//*[@id="id_imprint"]</arg>
<arg>Random input for id_imprint</arg>
</arguments>
<msg timestamp="20180706 08:46:18.130" level="INFO">Typing text 'Random input for id_imprint' into text field '//*[@id="id_imprint"]'.</msg>
<status status="PASS" starttime="20180706 08:46:18.130" endtime="20180706 08:46:20.984"></status>
</kw>
<kw name="Select From List" library="SeleniumLibrary">
<doc>Deprecated. Use `Select From List By Label/Value/Index` instead.</doc>
<arguments>
<arg>//*[@id="id_genre"]</arg>
<arg>@{GENRE}</arg>
</arguments>
<msg timestamp="20180706 08:46:20.985" level="INFO">Selecting option(s) 'Mystery, Drama' from list '//*[@id="id_genre"]'.</msg>
<status status="PASS" starttime="20180706 08:46:20.985" endtime="20180706 08:46:32.013"></status>
</kw>
<kw name="Select From List" library="SeleniumLibrary">
<doc>Deprecated. Use `Select From List By Label/Value/Index` instead.</doc>
<arguments>
<arg>//*[@id="id_language"]</arg>
<arg>Filipino</arg>
</arguments>
<msg timestamp="20180706 08:46:32.014" level="INFO">Selecting option(s) 'Filipino' from list '//*[@id="id_language"]'.</msg>
<status status="PASS" starttime="20180706 08:46:32.013" endtime="20180706 08:46:39.357"></status>
</kw>
<kw name="Capture Page Screenshot" library="SeleniumLibrary">
<doc>Takes screenshot of the current page and embeds it into log file.</doc>
<msg timestamp="20180706 08:46:40.353" level="INFO" html="yes">&lt;/td&gt;&lt;/tr&gt;&lt;tr&gt;&lt;td colspan="3"&gt;&lt;a href="selenium-screenshot-70.png"&gt;&lt;img src="selenium-screenshot-70.png" width="800px"&gt;&lt;/a&gt;</msg>
<status status="PASS" starttime="20180706 08:46:39.358" endtime="20180706 08:46:40.353"></status>
</kw>
<kw name="Click Button" library="SeleniumLibrary">
<doc>Clicks button identified by ``locator``.</doc>
<arguments>
<arg>//html/body/div[2]/div/div[3]/form/input[2]</arg>
</arguments>
<msg timestamp="20180706 08:46:40.354" level="INFO">Clicking button '//html/body/div[2]/div/div[3]/form/input[2]'.</msg>
<status status="PASS" starttime="20180706 08:46:40.353" endtime="20180706 08:46:43.517"></status>
</kw>
<kw name="Capture Page Screenshot" library="SeleniumLibrary">
<doc>Takes screenshot of the current page and embeds it into log file.</doc>
<msg timestamp="20180706 08:46:44.518" level="INFO" html="yes">&lt;/td&gt;&lt;/tr&gt;&lt;tr&gt;&lt;td colspan="3"&gt;&lt;a href="selenium-screenshot-71.png"&gt;&lt;img src="selenium-screenshot-71.png" width="800px"&gt;&lt;/a&gt;</msg>
<status status="PASS" starttime="20180706 08:46:43.518" endtime="20180706 08:46:44.518"></status>
</kw>
<status status="PASS" starttime="20180706 08:45:59.138" endtime="20180706 08:46:44.519" critical="yes"></status>
</test>
<test id="s1-t3" name="Testing Updating Book">
<kw name="Click Element" library="SeleniumLibrary">
<doc>Click element identified by ``locator``.</doc>
<arguments>
<arg>//html/body/div[2]/div/div[3]/span/a[1]/span</arg>
</arguments>
<msg timestamp="20180706 08:46:44.521" level="INFO">Clicking element '//html/body/div[2]/div/div[3]/span/a[1]/span'.</msg>
<status status="PASS" starttime="20180706 08:46:44.520" endtime="20180706 08:46:46.516"></status>
</kw>
<kw name="Input Text" library="SeleniumLibrary">
<doc>Types the given ``text`` into text field identified by ``locator``.</doc>
<arguments>
<arg>//*[@id="id_title"]</arg>
<arg>UPDATED New Book Added Through Robot</arg>
</arguments>
<msg timestamp="20180706 08:46:46.517" level="INFO">Typing text 'UPDATED New Book Added Through Robot' into text field '//*[@id="id_title"]'.</msg>
<status status="PASS" starttime="20180706 08:46:46.516" endtime="20180706 08:46:49.406"></status>
</kw>
<kw name="Capture Page Screenshot" library="SeleniumLibrary">
<doc>Takes screenshot of the current page and embeds it into log file.</doc>
<msg timestamp="20180706 08:46:50.404" level="INFO" html="yes">&lt;/td&gt;&lt;/tr&gt;&lt;tr&gt;&lt;td colspan="3"&gt;&lt;a href="selenium-screenshot-72.png"&gt;&lt;img src="selenium-screenshot-72.png" width="800px"&gt;&lt;/a&gt;</msg>
<status status="PASS" starttime="20180706 08:46:49.407" endtime="20180706 08:46:50.404"></status>
</kw>
<kw name="Click Button" library="SeleniumLibrary">
<doc>Clicks button identified by ``locator``.</doc>
<arguments>
<arg>//html/body/div[2]/div/div[3]/form/input[2]</arg>
</arguments>
<msg timestamp="20180706 08:46:50.405" level="INFO">Clicking button '//html/body/div[2]/div/div[3]/form/input[2]'.</msg>
<status status="PASS" starttime="20180706 08:46:50.404" endtime="20180706 08:46:53.308"></status>
</kw>
<kw name="Capture Page Screenshot" library="SeleniumLibrary">
<doc>Takes screenshot of the current page and embeds it into log file.</doc>
<msg timestamp="20180706 08:46:54.301" level="INFO" html="yes">&lt;/td&gt;&lt;/tr&gt;&lt;tr&gt;&lt;td colspan="3"&gt;&lt;a href="selenium-screenshot-73.png"&gt;&lt;img src="selenium-screenshot-73.png" width="800px"&gt;&lt;/a&gt;</msg>
<status status="PASS" starttime="20180706 08:46:53.309" endtime="20180706 08:46:54.301"></status>
</kw>
<status status="PASS" starttime="20180706 08:46:44.519" endtime="20180706 08:46:54.301" critical="yes"></status>
</test>
<test id="s1-t4" name="Testing Adding Book Instance">
<kw name="Click Element" library="SeleniumLibrary">
<doc>Click element identified by ``locator``.</doc>
<arguments>
<arg>//html/body/div[2]/div/div[3]/span/a[3]/span</arg>
</arguments>
<msg timestamp="20180706 08:46:54.303" level="INFO">Clicking element '//html/body/div[2]/div/div[3]/span/a[3]/span'.</msg>
<status status="PASS" starttime="20180706 08:46:54.303" endtime="20180706 08:46:56.248"></status>
</kw>
<kw name="Select From List" library="SeleniumLibrary">
<doc>Deprecated. Use `Select From List By Label/Value/Index` instead.</doc>
<arguments>
<arg>//*[@id="id_status"]</arg>
<arg>Available</arg>
</arguments>
<msg timestamp="20180706 08:46:56.249" level="INFO">Selecting option(s) 'Available' from list '//*[@id="id_status"]'.</msg>
<status status="PASS" starttime="20180706 08:46:56.249" endtime="20180706 08:47:02.651"></status>
</kw>
<kw name="Click Button" library="SeleniumLibrary">
<doc>Clicks button identified by ``locator``.</doc>
<arguments>
<arg>//html/body/div[2]/div/div[3]/form/input[2]</arg>
</arguments>
<msg timestamp="20180706 08:47:02.652" level="INFO">Clicking button '//html/body/div[2]/div/div[3]/form/input[2]'.</msg>
<status status="PASS" starttime="20180706 08:47:02.652" endtime="20180706 08:47:05.587"></status>
</kw>
<kw name="Capture Page Screenshot" library="SeleniumLibrary">
<doc>Takes screenshot of the current page and embeds it into log file.</doc>
<msg timestamp="20180706 08:47:06.580" level="INFO" html="yes">&lt;/td&gt;&lt;/tr&gt;&lt;tr&gt;&lt;td colspan="3"&gt;&lt;a href="selenium-screenshot-74.png"&gt;&lt;img src="selenium-screenshot-74.png" width="800px"&gt;&lt;/a&gt;</msg>
<status status="PASS" starttime="20180706 08:47:05.588" endtime="20180706 08:47:06.580"></status>
</kw>
<status status="PASS" starttime="20180706 08:46:54.302" endtime="20180706 08:47:06.581" critical="yes"></status>
</test>
<status status="PASS" starttime="20180706 08:45:37.773" endtime="20180706 08:47:06.583"></status>
</suite>
<statistics>
<total>
<stat pass="4" fail="0">Critical Tests</stat>
<stat pass="4" fail="0">All Tests</stat>
</total>
<tag>
</tag>
<suite>
<stat pass="4" fail="0" id="s1" name="Test-Locallibrary">Test-Locallibrary</stat>
</suite>
</statistics>
<errors>
</errors>
</robot>
