<?xml version="1.0" encoding="UTF-8"?>
<robot generator="Robot 3.0.4 (Python 3.6.5 on linux)" generated="20180706 17:44:44.732">
<suite id="s1" name="Test-Locallibrary" source="/home/csd/lair/DjangoProjects/locallibrary/RobotTests/test-locallibrary.robot">
<test id="s1-t1" name="Testing: Login">
<kw name="Set Selenium Speed" library="SeleniumLibrary">
<doc>Sets the delay that is waited after each Selenium command.</doc>
<arguments>
<arg>${SPEED}</arg>
</arguments>
<status status="PASS" starttime="20180706 17:44:44.823" endtime="20180706 17:44:44.824"></status>
</kw>
<kw name="Open Browser" library="SeleniumLibrary">
<doc>Opens a new browser instance to the given ``url``.</doc>
<arguments>
<arg>${LOGIN_URL}</arg>
<arg>${BROWSER_1}</arg>
</arguments>
<msg timestamp="20180706 17:44:44.824" level="INFO">Opening browser 'Chrome' to base url 'http://127.0.0.1:8000/accounts/login/'.</msg>
<status status="PASS" starttime="20180706 17:44:44.824" endtime="20180706 17:44:48.084"></status>
</kw>
<kw name="Input Text" library="SeleniumLibrary">
<doc>Types the given ``text`` into text field identified by ``locator``.</doc>
<arguments>
<arg>//*[@id="id_username"]</arg>
<arg>librarian1</arg>
</arguments>
<msg timestamp="20180706 17:44:48.085" level="INFO">Typing text 'librarian1' into text field '//*[@id="id_username"]'.</msg>
<status status="PASS" starttime="20180706 17:44:48.085" endtime="20180706 17:44:50.896"></status>
</kw>
<kw name="Input Text" library="SeleniumLibrary">
<doc>Types the given ``text`` into text field identified by ``locator``.</doc>
<arguments>
<arg>//*[@id="id_password"]</arg>
<arg>librarian1userpassword</arg>
</arguments>
<msg timestamp="20180706 17:44:50.897" level="INFO">Typing text 'librarian1userpassword' into text field '//*[@id="id_password"]'.</msg>
<status status="PASS" starttime="20180706 17:44:50.896" endtime="20180706 17:44:53.736"></status>
</kw>
<kw name="Click Button" library="SeleniumLibrary">
<doc>Clicks button identified by ``locator``.</doc>
<arguments>
<arg>//html/body/div[2]/div/div[3]/form/div[3]/button</arg>
</arguments>
<msg timestamp="20180706 17:44:53.737" level="INFO">Clicking button '//html/body/div[2]/div/div[3]/form/div[3]/button'.</msg>
<status status="PASS" starttime="20180706 17:44:53.737" endtime="20180706 17:44:58.560"></status>
</kw>
<kw name="Capture Page Screenshot" library="SeleniumLibrary">
<doc>Takes screenshot of the current page and embeds it into log file.</doc>
<msg timestamp="20180706 17:44:59.547" level="INFO" html="yes">&lt;/td&gt;&lt;/tr&gt;&lt;tr&gt;&lt;td colspan="3"&gt;&lt;a href="selenium-screenshot-175.png"&gt;&lt;img src="selenium-screenshot-175.png" width="800px"&gt;&lt;/a&gt;</msg>
<status status="PASS" starttime="20180706 17:44:58.560" endtime="20180706 17:44:59.547"></status>
</kw>
<status status="PASS" starttime="20180706 17:44:44.823" endtime="20180706 17:44:59.547" critical="yes"></status>
</test>
<test id="s1-t2" name="Testing: Displaying Book List">
<kw name="Click Link" library="SeleniumLibrary">
<doc>Clicks a link identified by ``locator``.</doc>
<arguments>
<arg>//html/body/div[2]/div/div[1]/nav/ul/li[2]/a</arg>
</arguments>
<msg timestamp="20180706 17:44:59.551" level="INFO">Clicking link '//html/body/div[2]/div/div[1]/nav/ul/li[2]/a'.</msg>
<status status="PASS" starttime="20180706 17:44:59.550" endtime="20180706 17:45:02.417"></status>
</kw>
<status status="PASS" starttime="20180706 17:44:59.549" endtime="20180706 17:45:02.418" critical="yes"></status>
</test>
<test id="s1-t3" name="Testing: Book List Pagination">
<kw name="Click Link" library="SeleniumLibrary">
<doc>Clicks a link identified by ``locator``.</doc>
<arguments>
<arg>//html/body/div[2]/div/div[3]/ul/li[3]/a</arg>
</arguments>
<msg timestamp="20180706 17:45:02.420" level="INFO">Clicking link '//html/body/div[2]/div/div[3]/ul/li[3]/a'.</msg>
<status status="PASS" starttime="20180706 17:45:02.420" endtime="20180706 17:45:05.292"></status>
</kw>
<kw name="Click Link" library="SeleniumLibrary">
<doc>Clicks a link identified by ``locator``.</doc>
<arguments>
<arg>//html/body/div[2]/div/div[3]/ul/li[5]/a</arg>
</arguments>
<msg timestamp="20180706 17:45:05.292" level="INFO">Clicking link '//html/body/div[2]/div/div[3]/ul/li[5]/a'.</msg>
<status status="PASS" starttime="20180706 17:45:05.292" endtime="20180706 17:45:08.160"></status>
</kw>
<kw name="Click Link" library="SeleniumLibrary">
<doc>Clicks a link identified by ``locator``.</doc>
<arguments>
<arg>//html/body/div[2]/div/div[3]/ul/li[3]/a</arg>
</arguments>
<msg timestamp="20180706 17:45:08.161" level="INFO">Clicking link '//html/body/div[2]/div/div[3]/ul/li[3]/a'.</msg>
<status status="PASS" starttime="20180706 17:45:08.160" endtime="20180706 17:45:11.026"></status>
</kw>
<status status="PASS" starttime="20180706 17:45:02.419" endtime="20180706 17:45:11.026" critical="yes"></status>
</test>
<test id="s1-t4" name="Testing: Adding Book">
<kw name="Click Link" library="SeleniumLibrary">
<doc>Clicks a link identified by ``locator``.</doc>
<arguments>
<arg>//html/body/div[2]/div/div[1]/nav/ul/ul/li/a</arg>
</arguments>
<msg timestamp="20180706 17:45:11.028" level="INFO">Clicking link '//html/body/div[2]/div/div[1]/nav/ul/ul/li/a'.</msg>
<status status="PASS" starttime="20180706 17:45:11.028" endtime="20180706 17:45:13.900"></status>
</kw>
<kw name="Input Text" library="SeleniumLibrary">
<doc>Types the given ``text`` into text field identified by ``locator``.</doc>
<arguments>
<arg>//*[@id="id_title"]</arg>
<arg>New Book Added Through Robot</arg>
</arguments>
<msg timestamp="20180706 17:45:13.901" level="INFO">Typing text 'New Book Added Through Robot' into text field '//*[@id="id_title"]'.</msg>
<status status="PASS" starttime="20180706 17:45:13.900" endtime="20180706 17:45:16.780"></status>
</kw>
<kw name="Select From List" library="SeleniumLibrary">
<doc>Deprecated. Use `Select From List By Label/Value/Index` instead.</doc>
<arguments>
<arg>//*[@id="id_author"]</arg>
<arg>op, po</arg>
</arguments>
<msg timestamp="20180706 17:45:16.781" level="INFO">Selecting option(s) 'op, po' from list '//*[@id="id_author"]'.</msg>
<status status="PASS" starttime="20180706 17:45:16.780" endtime="20180706 17:45:24.128"></status>
</kw>
<kw name="Input Text" library="SeleniumLibrary">
<doc>Types the given ``text`` into text field identified by ``locator``.</doc>
<arguments>
<arg>//*[@id="id_summary"]</arg>
<arg>New Book Added Through Robot summary. New Book Added Through Robot summary.</arg>
</arguments>
<msg timestamp="20180706 17:45:24.129" level="INFO">Typing text 'New Book Added Through Robot summary. New Book Added Through Robot summary.' into text field '//*[@id="id_summary"]'.</msg>
<status status="PASS" starttime="20180706 17:45:24.129" endtime="20180706 17:45:27.049"></status>
</kw>
<kw name="Input Text" library="SeleniumLibrary">
<doc>Types the given ``text`` into text field identified by ``locator``.</doc>
<arguments>
<arg>//*[@id="id_isbn"]</arg>
<arg>45652</arg>
</arguments>
<msg timestamp="20180706 17:45:27.050" level="INFO">Typing text '45652' into text field '//*[@id="id_isbn"]'.</msg>
<status status="PASS" starttime="20180706 17:45:27.049" endtime="20180706 17:45:29.840"></status>
</kw>
<kw name="Input Text" library="SeleniumLibrary">
<doc>Types the given ``text`` into text field identified by ``locator``.</doc>
<arguments>
<arg>//*[@id="id_imprint"]</arg>
<arg>Random input for id_imprint</arg>
</arguments>
<msg timestamp="20180706 17:45:29.841" level="INFO">Typing text 'Random input for id_imprint' into text field '//*[@id="id_imprint"]'.</msg>
<status status="PASS" starttime="20180706 17:45:29.840" endtime="20180706 17:45:32.692"></status>
</kw>
<kw name="Select From List" library="SeleniumLibrary">
<doc>Deprecated. Use `Select From List By Label/Value/Index` instead.</doc>
<arguments>
<arg>//*[@id="id_genre"]</arg>
<arg>@{GENRE}</arg>
</arguments>
<msg timestamp="20180706 17:45:32.693" level="INFO">Selecting option(s) 'Mystery, Drama' from list '//*[@id="id_genre"]'.</msg>
<status status="PASS" starttime="20180706 17:45:32.692" endtime="20180706 17:45:43.742"></status>
</kw>
<kw name="Select From List" library="SeleniumLibrary">
<doc>Deprecated. Use `Select From List By Label/Value/Index` instead.</doc>
<arguments>
<arg>//*[@id="id_language"]</arg>
<arg>Filipino</arg>
</arguments>
<msg timestamp="20180706 17:45:43.743" level="INFO">Selecting option(s) 'Filipino' from list '//*[@id="id_language"]'.</msg>
<status status="PASS" starttime="20180706 17:45:43.742" endtime="20180706 17:45:51.073"></status>
</kw>
<kw name="Capture Page Screenshot" library="SeleniumLibrary">
<doc>Takes screenshot of the current page and embeds it into log file.</doc>
<msg timestamp="20180706 17:45:52.059" level="INFO" html="yes">&lt;/td&gt;&lt;/tr&gt;&lt;tr&gt;&lt;td colspan="3"&gt;&lt;a href="selenium-screenshot-176.png"&gt;&lt;img src="selenium-screenshot-176.png" width="800px"&gt;&lt;/a&gt;</msg>
<status status="PASS" starttime="20180706 17:45:51.073" endtime="20180706 17:45:52.059"></status>
</kw>
<kw name="Click Button" library="SeleniumLibrary">
<doc>Clicks button identified by ``locator``.</doc>
<arguments>
<arg>//html/body/div[2]/div/div[3]/form/input[2]</arg>
</arguments>
<msg timestamp="20180706 17:45:52.060" level="INFO">Clicking button '//html/body/div[2]/div/div[3]/form/input[2]'.</msg>
<status status="PASS" starttime="20180706 17:45:52.059" endtime="20180706 17:45:54.973"></status>
</kw>
<kw name="Capture Page Screenshot" library="SeleniumLibrary">
<doc>Takes screenshot of the current page and embeds it into log file.</doc>
<msg timestamp="20180706 17:45:55.958" level="INFO" html="yes">&lt;/td&gt;&lt;/tr&gt;&lt;tr&gt;&lt;td colspan="3"&gt;&lt;a href="selenium-screenshot-177.png"&gt;&lt;img src="selenium-screenshot-177.png" width="800px"&gt;&lt;/a&gt;</msg>
<status status="PASS" starttime="20180706 17:45:54.973" endtime="20180706 17:45:55.958"></status>
</kw>
<status status="PASS" starttime="20180706 17:45:11.027" endtime="20180706 17:45:55.958" critical="yes"></status>
</test>
<test id="s1-t5" name="Testing: Updating Book">
<kw name="Click Element" library="SeleniumLibrary">
<doc>Click element identified by ``locator``.</doc>
<arguments>
<arg>//html/body/div[2]/div/div[3]/span/a[1]/span</arg>
</arguments>
<msg timestamp="20180706 17:45:55.961" level="INFO">Clicking element '//html/body/div[2]/div/div[3]/span/a[1]/span'.</msg>
<status status="PASS" starttime="20180706 17:45:55.961" endtime="20180706 17:45:57.922"></status>
</kw>
<kw name="Input Text" library="SeleniumLibrary">
<doc>Types the given ``text`` into text field identified by ``locator``.</doc>
<arguments>
<arg>//*[@id="id_title"]</arg>
<arg>UPDATED New Book Added Through Robot</arg>
</arguments>
<msg timestamp="20180706 17:45:57.923" level="INFO">Typing text 'UPDATED New Book Added Through Robot' into text field '//*[@id="id_title"]'.</msg>
<status status="PASS" starttime="20180706 17:45:57.922" endtime="20180706 17:46:00.810"></status>
</kw>
<kw name="Capture Page Screenshot" library="SeleniumLibrary">
<doc>Takes screenshot of the current page and embeds it into log file.</doc>
<msg timestamp="20180706 17:46:01.802" level="INFO" html="yes">&lt;/td&gt;&lt;/tr&gt;&lt;tr&gt;&lt;td colspan="3"&gt;&lt;a href="selenium-screenshot-178.png"&gt;&lt;img src="selenium-screenshot-178.png" width="800px"&gt;&lt;/a&gt;</msg>
<status status="PASS" starttime="20180706 17:46:00.810" endtime="20180706 17:46:01.803"></status>
</kw>
<kw name="Click Button" library="SeleniumLibrary">
<doc>Clicks button identified by ``locator``.</doc>
<arguments>
<arg>//html/body/div[2]/div/div[3]/form/input[2]</arg>
</arguments>
<msg timestamp="20180706 17:46:01.803" level="INFO">Clicking button '//html/body/div[2]/div/div[3]/form/input[2]'.</msg>
<status status="PASS" starttime="20180706 17:46:01.803" endtime="20180706 17:46:04.689"></status>
</kw>
<kw name="Capture Page Screenshot" library="SeleniumLibrary">
<doc>Takes screenshot of the current page and embeds it into log file.</doc>
<msg timestamp="20180706 17:46:05.678" level="INFO" html="yes">&lt;/td&gt;&lt;/tr&gt;&lt;tr&gt;&lt;td colspan="3"&gt;&lt;a href="selenium-screenshot-179.png"&gt;&lt;img src="selenium-screenshot-179.png" width="800px"&gt;&lt;/a&gt;</msg>
<status status="PASS" starttime="20180706 17:46:04.689" endtime="20180706 17:46:05.678"></status>
</kw>
<status status="PASS" starttime="20180706 17:45:55.960" endtime="20180706 17:46:05.678" critical="yes"></status>
</test>
<test id="s1-t6" name="Testing: Adding Book Instance">
<kw name="Click Element" library="SeleniumLibrary">
<doc>Click element identified by ``locator``.</doc>
<arguments>
<arg>//html/body/div[2]/div/div[3]/span/a[3]/span</arg>
</arguments>
<msg timestamp="20180706 17:46:05.681" level="INFO">Clicking element '//html/body/div[2]/div/div[3]/span/a[3]/span'.</msg>
<status status="PASS" starttime="20180706 17:46:05.680" endtime="20180706 17:46:07.616"></status>
</kw>
<kw name="Select From List" library="SeleniumLibrary">
<doc>Deprecated. Use `Select From List By Label/Value/Index` instead.</doc>
<arguments>
<arg>//*[@id="id_status"]</arg>
<arg>Available</arg>
</arguments>
<msg timestamp="20180706 17:46:07.616" level="INFO">Selecting option(s) 'Available' from list '//*[@id="id_status"]'.</msg>
<status status="PASS" starttime="20180706 17:46:07.616" endtime="20180706 17:46:14.025"></status>
</kw>
<kw name="Click Button" library="SeleniumLibrary">
<doc>Clicks button identified by ``locator``.</doc>
<arguments>
<arg>//html/body/div[2]/div/div[3]/form/input[2]</arg>
</arguments>
<msg timestamp="20180706 17:46:14.026" level="INFO">Clicking button '//html/body/div[2]/div/div[3]/form/input[2]'.</msg>
<status status="PASS" starttime="20180706 17:46:14.025" endtime="20180706 17:46:16.903"></status>
</kw>
<kw name="Capture Page Screenshot" library="SeleniumLibrary">
<doc>Takes screenshot of the current page and embeds it into log file.</doc>
<msg timestamp="20180706 17:46:17.896" level="INFO" html="yes">&lt;/td&gt;&lt;/tr&gt;&lt;tr&gt;&lt;td colspan="3"&gt;&lt;a href="selenium-screenshot-180.png"&gt;&lt;img src="selenium-screenshot-180.png" width="800px"&gt;&lt;/a&gt;</msg>
<status status="PASS" starttime="20180706 17:46:16.904" endtime="20180706 17:46:17.896"></status>
</kw>
<status status="PASS" starttime="20180706 17:46:05.679" endtime="20180706 17:46:17.897" critical="yes"></status>
</test>
<test id="s1-t7" name="Testing Deleting Book">
<kw name="Click Element" library="SeleniumLibrary">
<doc>Click element identified by ``locator``.</doc>
<arguments>
<arg>//html/body/div[2]/div/div[3]/span/a[2]/span</arg>
</arguments>
<msg timestamp="20180706 17:46:17.899" level="INFO">Clicking element '//html/body/div[2]/div/div[3]/span/a[2]/span'.</msg>
<status status="PASS" starttime="20180706 17:46:17.899" endtime="20180706 17:46:19.833"></status>
</kw>
<kw name="Click Button" library="SeleniumLibrary">
<doc>Clicks button identified by ``locator``.</doc>
<arguments>
<arg>//html/body/div[2]/div/div[3]/form/input[2]</arg>
</arguments>
<msg timestamp="20180706 17:46:19.834" level="INFO">Clicking button '//html/body/div[2]/div/div[3]/form/input[2]'.</msg>
<status status="PASS" starttime="20180706 17:46:19.833" endtime="20180706 17:46:22.727"></status>
</kw>
<kw name="Capture Page Screenshot" library="SeleniumLibrary">
<doc>Takes screenshot of the current page and embeds it into log file.</doc>
<msg timestamp="20180706 17:46:23.722" level="INFO" html="yes">&lt;/td&gt;&lt;/tr&gt;&lt;tr&gt;&lt;td colspan="3"&gt;&lt;a href="selenium-screenshot-181.png"&gt;&lt;img src="selenium-screenshot-181.png" width="800px"&gt;&lt;/a&gt;</msg>
<status status="PASS" starttime="20180706 17:46:22.728" endtime="20180706 17:46:23.722"></status>
</kw>
<status status="PASS" starttime="20180706 17:46:17.898" endtime="20180706 17:46:23.723" critical="yes"></status>
</test>
<test id="s1-t8" name="Testing: Displaying Author List">
<kw name="Click Link" library="SeleniumLibrary">
<doc>Clicks a link identified by ``locator``.</doc>
<arguments>
<arg>//html/body/div[2]/div/div[1]/nav/ul/li[3]/a</arg>
</arguments>
<msg timestamp="20180706 17:46:23.725" level="INFO">Clicking link '//html/body/div[2]/div/div[1]/nav/ul/li[3]/a'.</msg>
<status status="PASS" starttime="20180706 17:46:23.725" endtime="20180706 17:46:26.567"></status>
</kw>
<status status="PASS" starttime="20180706 17:46:23.724" endtime="20180706 17:46:26.567" critical="yes"></status>
</test>
<test id="s1-t9" name="Testing: Adding Author">
<kw name="Click Link" library="SeleniumLibrary">
<doc>Clicks a link identified by ``locator``.</doc>
<arguments>
<arg>//html/body/div[2]/div/div[1]/nav/ul/li[4]/ul/li/a</arg>
</arguments>
<msg timestamp="20180706 17:46:26.569" level="INFO">Clicking link '//html/body/div[2]/div/div[1]/nav/ul/li[4]/ul/li/a'.</msg>
<status status="PASS" starttime="20180706 17:46:26.569" endtime="20180706 17:46:29.409"></status>
</kw>
<kw name="Input Text" library="SeleniumLibrary">
<doc>Types the given ``text`` into text field identified by ``locator``.</doc>
<arguments>
<arg>//*[@id="id_first_name"]</arg>
<arg>New Author First Name Added through Robot</arg>
</arguments>
<msg timestamp="20180706 17:46:29.410" level="INFO">Typing text 'New Author First Name Added through Robot' into text field '//*[@id="id_first_name"]'.</msg>
<status status="PASS" starttime="20180706 17:46:29.410" endtime="20180706 17:46:32.301"></status>
</kw>
<kw name="Input Text" library="SeleniumLibrary">
<doc>Types the given ``text`` into text field identified by ``locator``.</doc>
<arguments>
<arg>//*[@id="id_last_name"]</arg>
<arg>New Author Last Name Added Through Robot</arg>
</arguments>
<msg timestamp="20180706 17:46:32.302" level="INFO">Typing text 'New Author Last Name Added Through Robot' into text field '//*[@id="id_last_name"]'.</msg>
<status status="PASS" starttime="20180706 17:46:32.301" endtime="20180706 17:46:35.183"></status>
</kw>
<kw name="Input Text" library="SeleniumLibrary">
<doc>Types the given ``text`` into text field identified by ``locator``.</doc>
<arguments>
<arg>//*[@id="id_date_of_birth"]</arg>
<arg>1996-5-5</arg>
</arguments>
<msg timestamp="20180706 17:46:35.184" level="INFO">Typing text '1996-5-5' into text field '//*[@id="id_date_of_birth"]'.</msg>
<status status="PASS" starttime="20180706 17:46:35.184" endtime="20180706 17:46:37.988"></status>
</kw>
<kw name="Click Button" library="SeleniumLibrary">
<doc>Clicks button identified by ``locator``.</doc>
<arguments>
<arg>//html/body/div[2]/div/div[3]/form/input[2]</arg>
</arguments>
<msg timestamp="20180706 17:46:37.989" level="INFO">Clicking button '//html/body/div[2]/div/div[3]/form/input[2]'.</msg>
<status status="PASS" starttime="20180706 17:46:37.989" endtime="20180706 17:46:40.867"></status>
</kw>
<status status="PASS" starttime="20180706 17:46:26.568" endtime="20180706 17:46:40.867" critical="yes"></status>
</test>
<test id="s1-t10" name="Testing: Updating Author Detail">
<kw name="Click Element" library="SeleniumLibrary">
<doc>Click element identified by ``locator``.</doc>
<arguments>
<arg>//html/body/div[2]/div/div[3]/a[1]/span</arg>
</arguments>
<msg timestamp="20180706 17:46:40.870" level="INFO">Clicking element '//html/body/div[2]/div/div[3]/a[1]/span'.</msg>
<status status="PASS" starttime="20180706 17:46:40.869" endtime="20180706 17:46:42.827"></status>
</kw>
<kw name="Input Text" library="SeleniumLibrary">
<doc>Types the given ``text`` into text field identified by ``locator``.</doc>
<arguments>
<arg>//*[@id="id_first_name"]</arg>
<arg>Updated Name</arg>
</arguments>
<msg timestamp="20180706 17:46:42.828" level="INFO">Typing text 'Updated Name' into text field '//*[@id="id_first_name"]'.</msg>
<status status="PASS" starttime="20180706 17:46:42.827" endtime="20180706 17:46:45.638"></status>
</kw>
<kw name="Click Button" library="SeleniumLibrary">
<doc>Clicks button identified by ``locator``.</doc>
<arguments>
<arg>//html/body/div[2]/div/div[3]/form/input[2]</arg>
</arguments>
<msg timestamp="20180706 17:46:45.639" level="INFO">Clicking button '//html/body/div[2]/div/div[3]/form/input[2]'.</msg>
<status status="PASS" starttime="20180706 17:46:45.639" endtime="20180706 17:46:48.513"></status>
</kw>
<status status="PASS" starttime="20180706 17:46:40.868" endtime="20180706 17:46:48.513" critical="yes"></status>
</test>
<test id="s1-t11" name="Testing: Deleting Author">
<kw name="Click Element" library="SeleniumLibrary">
<doc>Click element identified by ``locator``.</doc>
<arguments>
<arg>//html/body/div[2]/div/div[3]/a[2]/span</arg>
</arguments>
<msg timestamp="20180706 17:46:48.515" level="INFO">Clicking element '//html/body/div[2]/div/div[3]/a[2]/span'.</msg>
<status status="PASS" starttime="20180706 17:46:48.515" endtime="20180706 17:46:50.447"></status>
</kw>
<kw name="Click Button" library="SeleniumLibrary">
<doc>Clicks button identified by ``locator``.</doc>
<arguments>
<arg>//html/body/div[2]/div/div[3]/form/input[2]</arg>
</arguments>
<msg timestamp="20180706 17:46:50.448" level="INFO">Clicking button '//html/body/div[2]/div/div[3]/form/input[2]'.</msg>
<status status="PASS" starttime="20180706 17:46:50.447" endtime="20180706 17:46:53.316"></status>
</kw>
<status status="PASS" starttime="20180706 17:46:48.514" endtime="20180706 17:46:53.317" critical="yes"></status>
</test>
<test id="s1-t12" name="Testing: Displaying Transactions">
<kw name="Click Link" library="SeleniumLibrary">
<doc>Clicks a link identified by ``locator``.</doc>
<arguments>
<arg>//html/body/div[2]/div/div[1]/nav/ul/li[5]/a</arg>
</arguments>
<msg timestamp="20180706 17:46:53.319" level="INFO">Clicking link '//html/body/div[2]/div/div[1]/nav/ul/li[5]/a'.</msg>
<status status="PASS" starttime="20180706 17:46:53.318" endtime="20180706 17:46:56.163"></status>
</kw>
<status status="PASS" starttime="20180706 17:46:53.317" endtime="20180706 17:46:56.164" critical="yes"></status>
</test>
<test id="s1-t13" name="Testing: Adding Transactions">
<kw name="Click Link" library="SeleniumLibrary">
<doc>Clicks a link identified by ``locator``.</doc>
<arguments>
<arg>//html/body/div[2]/div/div[1]/nav/ul/li[5]/ul/li/a</arg>
</arguments>
<msg timestamp="20180706 17:46:56.166" level="INFO">Clicking link '//html/body/div[2]/div/div[1]/nav/ul/li[5]/ul/li/a'.</msg>
<status status="PASS" starttime="20180706 17:46:56.165" endtime="20180706 17:46:59.046"></status>
</kw>
<kw name="Select From List" library="SeleniumLibrary">
<doc>Deprecated. Use `Select From List By Label/Value/Index` instead.</doc>
<arguments>
<arg>//*[@id="id_due_date_month"]</arg>
<arg>${MONTH_TODAY}</arg>
</arguments>
<msg timestamp="20180706 17:46:59.047" level="INFO">Selecting option(s) 'July' from list '//*[@id="id_due_date_month"]'.</msg>
<status status="PASS" starttime="20180706 17:46:59.046" endtime="20180706 17:47:06.382"></status>
</kw>
<kw name="Convert To String" library="BuiltIn">
<doc>Converts the given item to a Unicode string.</doc>
<arguments>
<arg>${DAY_TODAY + 3}</arg>
</arguments>
<assign>
<var>${DUE_DAY}</var>
</assign>
<msg timestamp="20180706 17:47:06.383" level="INFO">${DUE_DAY} = 9</msg>
<status status="PASS" starttime="20180706 17:47:06.383" endtime="20180706 17:47:06.384"></status>
</kw>
<kw name="Select From List" library="SeleniumLibrary">
<doc>Deprecated. Use `Select From List By Label/Value/Index` instead.</doc>
<arguments>
<arg>//*[@id="id_due_date_day"]</arg>
<arg>${DUE_DAY}</arg>
</arguments>
<msg timestamp="20180706 17:47:06.384" level="INFO">Selecting option(s) '9' from list '//*[@id="id_due_date_day"]'.</msg>
<status status="PASS" starttime="20180706 17:47:06.384" endtime="20180706 17:47:12.802"></status>
</kw>
<kw name="Select From List" library="SeleniumLibrary">
<doc>Deprecated. Use `Select From List By Label/Value/Index` instead.</doc>
<arguments>
<arg>//*[@id="id_due_date_year"]</arg>
<arg>${YEAR_TODAY}</arg>
</arguments>
<msg timestamp="20180706 17:47:12.803" level="INFO">Selecting option(s) '2018' from list '//*[@id="id_due_date_year"]'.</msg>
<status status="PASS" starttime="20180706 17:47:12.803" endtime="20180706 17:47:18.290"></status>
</kw>
<kw name="Select From List" library="SeleniumLibrary">
<doc>Deprecated. Use `Select From List By Label/Value/Index` instead.</doc>
<arguments>
<arg>//*[@id="id_borrower"]</arg>
<arg>user1</arg>
</arguments>
<msg timestamp="20180706 17:47:18.291" level="INFO">Selecting option(s) 'user1' from list '//*[@id="id_borrower"]'.</msg>
<status status="PASS" starttime="20180706 17:47:18.291" endtime="20180706 17:47:25.642"></status>
</kw>
<kw name="Click Button" library="SeleniumLibrary">
<doc>Clicks button identified by ``locator``.</doc>
<arguments>
<arg>//html/body/div[2]/div/div[3]/form/input[2]</arg>
</arguments>
<msg timestamp="20180706 17:47:25.643" level="INFO">Clicking button '//html/body/div[2]/div/div[3]/form/input[2]'.</msg>
<status status="PASS" starttime="20180706 17:47:25.643" endtime="20180706 17:47:28.562"></status>
</kw>
<status status="PASS" starttime="20180706 17:46:56.164" endtime="20180706 17:47:28.562" critical="yes"></status>
</test>
<test id="s1-t14" name="Testing: Renewing Borrowed Book">
<kw name="Click Link" library="SeleniumLibrary">
<doc>Clicks a link identified by ``locator``.</doc>
<arguments>
<arg>//html/body/div[2]/div/div[3]/table/tbody/tr[2]/td[5]/a</arg>
</arguments>
<msg timestamp="20180706 17:47:28.564" level="INFO">Clicking link '//html/body/div[2]/div/div[3]/table/tbody/tr[2]/td[5]/a'.</msg>
<status status="PASS" starttime="20180706 17:47:28.564" endtime="20180706 17:47:31.410"></status>
</kw>
<kw name="Input Text" library="SeleniumLibrary">
<doc>Types the given ``text`` into text field identified by ``locator``.</doc>
<arguments>
<arg>//*[@id="id_renewal_date"]</arg>
<arg>2018-07-10</arg>
</arguments>
<msg timestamp="20180706 17:47:31.411" level="INFO">Typing text '2018-07-10' into text field '//*[@id="id_renewal_date"]'.</msg>
<status status="PASS" starttime="20180706 17:47:31.411" endtime="20180706 17:47:34.215"></status>
</kw>
<kw name="Click Button" library="SeleniumLibrary">
<doc>Clicks button identified by ``locator``.</doc>
<arguments>
<arg>//html/body/div[2]/div/div[3]/form/input[2]</arg>
</arguments>
<msg timestamp="20180706 17:47:34.216" level="INFO">Clicking button '//html/body/div[2]/div/div[3]/form/input[2]'.</msg>
<status status="PASS" starttime="20180706 17:47:34.215" endtime="20180706 17:47:37.082"></status>
</kw>
<status status="PASS" starttime="20180706 17:47:28.563" endtime="20180706 17:47:37.082" critical="yes"></status>
</test>
<test id="s1-t15" name="Testing: Returning Book">
<kw name="Click Link" library="SeleniumLibrary">
<doc>Clicks a link identified by ``locator``.</doc>
<arguments>
<arg>//html/body/div[2]/div/div[3]/table/tbody/tr[2]/td[7]/a</arg>
</arguments>
<msg timestamp="20180706 17:47:37.084" level="INFO">Clicking link '//html/body/div[2]/div/div[3]/table/tbody/tr[2]/td[7]/a'.</msg>
<status status="PASS" starttime="20180706 17:47:37.084" endtime="20180706 17:47:39.950"></status>
</kw>
<kw name="Input Text" library="SeleniumLibrary">
<doc>Types the given ``text`` into text field identified by ``locator``.</doc>
<arguments>
<arg>//*[@id="id_remarks"]</arg>
<arg>In good condition;</arg>
</arguments>
<msg timestamp="20180706 17:47:39.951" level="INFO">Typing text 'In good condition;' into text field '//*[@id="id_remarks"]'.</msg>
<status status="PASS" starttime="20180706 17:47:39.951" endtime="20180706 17:47:42.786"></status>
</kw>
<kw name="Select From List" library="SeleniumLibrary">
<doc>Deprecated. Use `Select From List By Label/Value/Index` instead.</doc>
<arguments>
<arg>//*[@id="id_date_returned_month"]</arg>
<arg>${MONTH_TODAY}</arg>
</arguments>
<msg timestamp="20180706 17:47:42.787" level="INFO">Selecting option(s) 'July' from list '//*[@id="id_date_returned_month"]'.</msg>
<status status="PASS" starttime="20180706 17:47:42.786" endtime="20180706 17:47:50.119"></status>
</kw>
<kw name="Select From List" library="SeleniumLibrary">
<doc>Deprecated. Use `Select From List By Label/Value/Index` instead.</doc>
<arguments>
<arg>//*[@id="id_date_returned_day"]</arg>
<arg>Convert to string</arg>
<arg>${DAY_TODAY}</arg>
</arguments>
<kw name="Capture Page Screenshot" library="SeleniumLibrary">
<doc>Takes screenshot of the current page and embeds it into log file.</doc>
<msg timestamp="20180706 17:47:51.105" level="INFO" html="yes">&lt;/td&gt;&lt;/tr&gt;&lt;tr&gt;&lt;td colspan="3"&gt;&lt;a href="selenium-screenshot-182.png"&gt;&lt;img src="selenium-screenshot-182.png" width="800px"&gt;&lt;/a&gt;</msg>
<status status="PASS" starttime="20180706 17:47:50.120" endtime="20180706 17:47:51.105"></status>
</kw>
<msg timestamp="20180706 17:47:51.107" level="FAIL">TypeError: sequence item 1: expected str instance, int found</msg>
<status status="FAIL" starttime="20180706 17:47:50.119" endtime="20180706 17:47:51.107"></status>
</kw>
<status status="FAIL" starttime="20180706 17:47:37.083" endtime="20180706 17:47:51.108" critical="yes">TypeError: sequence item 1: expected str instance, int found</status>
</test>
<status status="FAIL" starttime="20180706 17:44:44.733" endtime="20180706 17:47:51.115"></status>
</suite>
<statistics>
<total>
<stat pass="14" fail="1">Critical Tests</stat>
<stat pass="14" fail="1">All Tests</stat>
</total>
<tag>
</tag>
<suite>
<stat pass="14" fail="1" id="s1" name="Test-Locallibrary">Test-Locallibrary</stat>
</suite>
</statistics>
<errors>
</errors>
</robot>
