<?xml version="1.0" encoding="UTF-8"?>
<robot generator="Robot 3.0.4 (Python 3.6.5 on linux)" generated="20180706 17:39:40.256">
<suite id="s1" name="Test-Locallibrary" source="/home/csd/lair/DjangoProjects/locallibrary/RobotTests/test-locallibrary.robot">
<test id="s1-t1" name="Testing: Login">
<kw name="Set Selenium Speed" library="SeleniumLibrary">
<doc>Sets the delay that is waited after each Selenium command.</doc>
<arguments>
<arg>${SPEED}</arg>
</arguments>
<status status="PASS" starttime="20180706 17:39:40.354" endtime="20180706 17:39:40.354"></status>
</kw>
<kw name="Open Browser" library="SeleniumLibrary">
<doc>Opens a new browser instance to the given ``url``.</doc>
<arguments>
<arg>${LOGIN_URL}</arg>
<arg>${BROWSER_1}</arg>
</arguments>
<msg timestamp="20180706 17:39:40.354" level="INFO">Opening browser 'Chrome' to base url 'http://127.0.0.1:8000/accounts/login/'.</msg>
<status status="PASS" starttime="20180706 17:39:40.354" endtime="20180706 17:39:43.728"></status>
</kw>
<kw name="Input Text" library="SeleniumLibrary">
<doc>Types the given ``text`` into text field identified by ``locator``.</doc>
<arguments>
<arg>//*[@id="id_username"]</arg>
<arg>librarian1</arg>
</arguments>
<msg timestamp="20180706 17:39:43.729" level="INFO">Typing text 'librarian1' into text field '//*[@id="id_username"]'.</msg>
<status status="PASS" starttime="20180706 17:39:43.729" endtime="20180706 17:39:46.547"></status>
</kw>
<kw name="Input Text" library="SeleniumLibrary">
<doc>Types the given ``text`` into text field identified by ``locator``.</doc>
<arguments>
<arg>//*[@id="id_password"]</arg>
<arg>librarian1userpassword</arg>
</arguments>
<msg timestamp="20180706 17:39:46.547" level="INFO">Typing text 'librarian1userpassword' into text field '//*[@id="id_password"]'.</msg>
<status status="PASS" starttime="20180706 17:39:46.547" endtime="20180706 17:39:49.387"></status>
</kw>
<kw name="Click Button" library="SeleniumLibrary">
<doc>Clicks button identified by ``locator``.</doc>
<arguments>
<arg>//html/body/div[2]/div/div[3]/form/div[3]/button</arg>
</arguments>
<msg timestamp="20180706 17:39:49.388" level="INFO">Clicking button '//html/body/div[2]/div/div[3]/form/div[3]/button'.</msg>
<status status="PASS" starttime="20180706 17:39:49.388" endtime="20180706 17:39:54.205"></status>
</kw>
<kw name="Capture Page Screenshot" library="SeleniumLibrary">
<doc>Takes screenshot of the current page and embeds it into log file.</doc>
<msg timestamp="20180706 17:39:55.192" level="INFO" html="yes">&lt;/td&gt;&lt;/tr&gt;&lt;tr&gt;&lt;td colspan="3"&gt;&lt;a href="selenium-screenshot-167.png"&gt;&lt;img src="selenium-screenshot-167.png" width="800px"&gt;&lt;/a&gt;</msg>
<status status="PASS" starttime="20180706 17:39:54.205" endtime="20180706 17:39:55.193"></status>
</kw>
<status status="PASS" starttime="20180706 17:39:40.353" endtime="20180706 17:39:55.193" critical="yes"></status>
</test>
<test id="s1-t2" name="Testing: Displaying Book List">
<kw name="Click Link" library="SeleniumLibrary">
<doc>Clicks a link identified by ``locator``.</doc>
<arguments>
<arg>//html/body/div[2]/div/div[1]/nav/ul/li[2]/a</arg>
</arguments>
<msg timestamp="20180706 17:39:55.196" level="INFO">Clicking link '//html/body/div[2]/div/div[1]/nav/ul/li[2]/a'.</msg>
<status status="PASS" starttime="20180706 17:39:55.196" endtime="20180706 17:39:58.063"></status>
</kw>
<status status="PASS" starttime="20180706 17:39:55.195" endtime="20180706 17:39:58.063" critical="yes"></status>
</test>
<test id="s1-t3" name="Testing: Book List Pagination">
<kw name="Click Link" library="SeleniumLibrary">
<doc>Clicks a link identified by ``locator``.</doc>
<arguments>
<arg>//html/body/div[2]/div/div[3]/ul/li[3]/a</arg>
</arguments>
<msg timestamp="20180706 17:39:58.065" level="INFO">Clicking link '//html/body/div[2]/div/div[3]/ul/li[3]/a'.</msg>
<status status="PASS" starttime="20180706 17:39:58.065" endtime="20180706 17:40:00.939"></status>
</kw>
<kw name="Click Link" library="SeleniumLibrary">
<doc>Clicks a link identified by ``locator``.</doc>
<arguments>
<arg>//html/body/div[2]/div/div[3]/ul/li[5]/a</arg>
</arguments>
<msg timestamp="20180706 17:40:00.939" level="INFO">Clicking link '//html/body/div[2]/div/div[3]/ul/li[5]/a'.</msg>
<status status="PASS" starttime="20180706 17:40:00.939" endtime="20180706 17:40:03.805"></status>
</kw>
<kw name="Click Link" library="SeleniumLibrary">
<doc>Clicks a link identified by ``locator``.</doc>
<arguments>
<arg>//html/body/div[2]/div/div[3]/ul/li[3]/a</arg>
</arguments>
<msg timestamp="20180706 17:40:03.806" level="INFO">Clicking link '//html/body/div[2]/div/div[3]/ul/li[3]/a'.</msg>
<status status="PASS" starttime="20180706 17:40:03.805" endtime="20180706 17:40:06.668"></status>
</kw>
<status status="PASS" starttime="20180706 17:39:58.064" endtime="20180706 17:40:06.668" critical="yes"></status>
</test>
<test id="s1-t4" name="Testing: Adding Book">
<kw name="Click Link" library="SeleniumLibrary">
<doc>Clicks a link identified by ``locator``.</doc>
<arguments>
<arg>//html/body/div[2]/div/div[1]/nav/ul/ul/li/a</arg>
</arguments>
<msg timestamp="20180706 17:40:06.670" level="INFO">Clicking link '//html/body/div[2]/div/div[1]/nav/ul/ul/li/a'.</msg>
<status status="PASS" starttime="20180706 17:40:06.670" endtime="20180706 17:40:09.545"></status>
</kw>
<kw name="Input Text" library="SeleniumLibrary">
<doc>Types the given ``text`` into text field identified by ``locator``.</doc>
<arguments>
<arg>//*[@id="id_title"]</arg>
<arg>New Book Added Through Robot</arg>
</arguments>
<msg timestamp="20180706 17:40:09.545" level="INFO">Typing text 'New Book Added Through Robot' into text field '//*[@id="id_title"]'.</msg>
<status status="PASS" starttime="20180706 17:40:09.545" endtime="20180706 17:40:12.407"></status>
</kw>
<kw name="Select From List" library="SeleniumLibrary">
<doc>Deprecated. Use `Select From List By Label/Value/Index` instead.</doc>
<arguments>
<arg>//*[@id="id_author"]</arg>
<arg>op, po</arg>
</arguments>
<msg timestamp="20180706 17:40:12.408" level="INFO">Selecting option(s) 'op, po' from list '//*[@id="id_author"]'.</msg>
<status status="PASS" starttime="20180706 17:40:12.408" endtime="20180706 17:40:19.738"></status>
</kw>
<kw name="Input Text" library="SeleniumLibrary">
<doc>Types the given ``text`` into text field identified by ``locator``.</doc>
<arguments>
<arg>//*[@id="id_summary"]</arg>
<arg>New Book Added Through Robot summary. New Book Added Through Robot summary.</arg>
</arguments>
<msg timestamp="20180706 17:40:19.739" level="INFO">Typing text 'New Book Added Through Robot summary. New Book Added Through Robot summary.' into text field '//*[@id="id_summary"]'.</msg>
<status status="PASS" starttime="20180706 17:40:19.739" endtime="20180706 17:40:22.727"></status>
</kw>
<kw name="Input Text" library="SeleniumLibrary">
<doc>Types the given ``text`` into text field identified by ``locator``.</doc>
<arguments>
<arg>//*[@id="id_isbn"]</arg>
<arg>45652</arg>
</arguments>
<msg timestamp="20180706 17:40:22.727" level="INFO">Typing text '45652' into text field '//*[@id="id_isbn"]'.</msg>
<status status="PASS" starttime="20180706 17:40:22.727" endtime="20180706 17:40:25.517"></status>
</kw>
<kw name="Input Text" library="SeleniumLibrary">
<doc>Types the given ``text`` into text field identified by ``locator``.</doc>
<arguments>
<arg>//*[@id="id_imprint"]</arg>
<arg>Random input for id_imprint</arg>
</arguments>
<msg timestamp="20180706 17:40:25.518" level="INFO">Typing text 'Random input for id_imprint' into text field '//*[@id="id_imprint"]'.</msg>
<status status="PASS" starttime="20180706 17:40:25.518" endtime="20180706 17:40:28.367"></status>
</kw>
<kw name="Select From List" library="SeleniumLibrary">
<doc>Deprecated. Use `Select From List By Label/Value/Index` instead.</doc>
<arguments>
<arg>//*[@id="id_genre"]</arg>
<arg>@{GENRE}</arg>
</arguments>
<msg timestamp="20180706 17:40:28.368" level="INFO">Selecting option(s) 'Mystery, Drama' from list '//*[@id="id_genre"]'.</msg>
<status status="PASS" starttime="20180706 17:40:28.367" endtime="20180706 17:40:39.404"></status>
</kw>
<kw name="Select From List" library="SeleniumLibrary">
<doc>Deprecated. Use `Select From List By Label/Value/Index` instead.</doc>
<arguments>
<arg>//*[@id="id_language"]</arg>
<arg>Filipino</arg>
</arguments>
<msg timestamp="20180706 17:40:39.405" level="INFO">Selecting option(s) 'Filipino' from list '//*[@id="id_language"]'.</msg>
<status status="PASS" starttime="20180706 17:40:39.404" endtime="20180706 17:40:46.747"></status>
</kw>
<kw name="Capture Page Screenshot" library="SeleniumLibrary">
<doc>Takes screenshot of the current page and embeds it into log file.</doc>
<msg timestamp="20180706 17:40:47.725" level="INFO" html="yes">&lt;/td&gt;&lt;/tr&gt;&lt;tr&gt;&lt;td colspan="3"&gt;&lt;a href="selenium-screenshot-168.png"&gt;&lt;img src="selenium-screenshot-168.png" width="800px"&gt;&lt;/a&gt;</msg>
<status status="PASS" starttime="20180706 17:40:46.748" endtime="20180706 17:40:47.725"></status>
</kw>
<kw name="Click Button" library="SeleniumLibrary">
<doc>Clicks button identified by ``locator``.</doc>
<arguments>
<arg>//html/body/div[2]/div/div[3]/form/input[2]</arg>
</arguments>
<msg timestamp="20180706 17:40:47.726" level="INFO">Clicking button '//html/body/div[2]/div/div[3]/form/input[2]'.</msg>
<status status="PASS" starttime="20180706 17:40:47.726" endtime="20180706 17:40:50.639"></status>
</kw>
<kw name="Capture Page Screenshot" library="SeleniumLibrary">
<doc>Takes screenshot of the current page and embeds it into log file.</doc>
<msg timestamp="20180706 17:40:51.644" level="INFO" html="yes">&lt;/td&gt;&lt;/tr&gt;&lt;tr&gt;&lt;td colspan="3"&gt;&lt;a href="selenium-screenshot-169.png"&gt;&lt;img src="selenium-screenshot-169.png" width="800px"&gt;&lt;/a&gt;</msg>
<status status="PASS" starttime="20180706 17:40:50.639" endtime="20180706 17:40:51.644"></status>
</kw>
<status status="PASS" starttime="20180706 17:40:06.669" endtime="20180706 17:40:51.644" critical="yes"></status>
</test>
<test id="s1-t5" name="Testing: Updating Book">
<kw name="Click Element" library="SeleniumLibrary">
<doc>Click element identified by ``locator``.</doc>
<arguments>
<arg>//html/body/div[2]/div/div[3]/span/a[1]/span</arg>
</arguments>
<msg timestamp="20180706 17:40:51.647" level="INFO">Clicking element '//html/body/div[2]/div/div[3]/span/a[1]/span'.</msg>
<status status="PASS" starttime="20180706 17:40:51.646" endtime="20180706 17:40:53.621"></status>
</kw>
<kw name="Input Text" library="SeleniumLibrary">
<doc>Types the given ``text`` into text field identified by ``locator``.</doc>
<arguments>
<arg>//*[@id="id_title"]</arg>
<arg>UPDATED New Book Added Through Robot</arg>
</arguments>
<msg timestamp="20180706 17:40:53.622" level="INFO">Typing text 'UPDATED New Book Added Through Robot' into text field '//*[@id="id_title"]'.</msg>
<status status="PASS" starttime="20180706 17:40:53.622" endtime="20180706 17:40:56.524"></status>
</kw>
<kw name="Capture Page Screenshot" library="SeleniumLibrary">
<doc>Takes screenshot of the current page and embeds it into log file.</doc>
<msg timestamp="20180706 17:40:57.515" level="INFO" html="yes">&lt;/td&gt;&lt;/tr&gt;&lt;tr&gt;&lt;td colspan="3"&gt;&lt;a href="selenium-screenshot-170.png"&gt;&lt;img src="selenium-screenshot-170.png" width="800px"&gt;&lt;/a&gt;</msg>
<status status="PASS" starttime="20180706 17:40:56.524" endtime="20180706 17:40:57.516"></status>
</kw>
<kw name="Click Button" library="SeleniumLibrary">
<doc>Clicks button identified by ``locator``.</doc>
<arguments>
<arg>//html/body/div[2]/div/div[3]/form/input[2]</arg>
</arguments>
<msg timestamp="20180706 17:40:57.516" level="INFO">Clicking button '//html/body/div[2]/div/div[3]/form/input[2]'.</msg>
<status status="PASS" starttime="20180706 17:40:57.516" endtime="20180706 17:41:00.411"></status>
</kw>
<kw name="Capture Page Screenshot" library="SeleniumLibrary">
<doc>Takes screenshot of the current page and embeds it into log file.</doc>
<msg timestamp="20180706 17:41:01.398" level="INFO" html="yes">&lt;/td&gt;&lt;/tr&gt;&lt;tr&gt;&lt;td colspan="3"&gt;&lt;a href="selenium-screenshot-171.png"&gt;&lt;img src="selenium-screenshot-171.png" width="800px"&gt;&lt;/a&gt;</msg>
<status status="PASS" starttime="20180706 17:41:00.412" endtime="20180706 17:41:01.398"></status>
</kw>
<status status="PASS" starttime="20180706 17:40:51.645" endtime="20180706 17:41:01.398" critical="yes"></status>
</test>
<test id="s1-t6" name="Testing: Adding Book Instance">
<kw name="Click Element" library="SeleniumLibrary">
<doc>Click element identified by ``locator``.</doc>
<arguments>
<arg>//html/body/div[2]/div/div[3]/span/a[3]/span</arg>
</arguments>
<msg timestamp="20180706 17:41:01.402" level="INFO">Clicking element '//html/body/div[2]/div/div[3]/span/a[3]/span'.</msg>
<status status="PASS" starttime="20180706 17:41:01.401" endtime="20180706 17:41:03.328"></status>
</kw>
<kw name="Select From List" library="SeleniumLibrary">
<doc>Deprecated. Use `Select From List By Label/Value/Index` instead.</doc>
<arguments>
<arg>//*[@id="id_status"]</arg>
<arg>Available</arg>
</arguments>
<msg timestamp="20180706 17:41:03.329" level="INFO">Selecting option(s) 'Available' from list '//*[@id="id_status"]'.</msg>
<status status="PASS" starttime="20180706 17:41:03.329" endtime="20180706 17:41:09.736"></status>
</kw>
<kw name="Click Button" library="SeleniumLibrary">
<doc>Clicks button identified by ``locator``.</doc>
<arguments>
<arg>//html/body/div[2]/div/div[3]/form/input[2]</arg>
</arguments>
<msg timestamp="20180706 17:41:09.737" level="INFO">Clicking button '//html/body/div[2]/div/div[3]/form/input[2]'.</msg>
<status status="PASS" starttime="20180706 17:41:09.737" endtime="20180706 17:41:12.617"></status>
</kw>
<kw name="Capture Page Screenshot" library="SeleniumLibrary">
<doc>Takes screenshot of the current page and embeds it into log file.</doc>
<msg timestamp="20180706 17:41:13.605" level="INFO" html="yes">&lt;/td&gt;&lt;/tr&gt;&lt;tr&gt;&lt;td colspan="3"&gt;&lt;a href="selenium-screenshot-172.png"&gt;&lt;img src="selenium-screenshot-172.png" width="800px"&gt;&lt;/a&gt;</msg>
<status status="PASS" starttime="20180706 17:41:12.618" endtime="20180706 17:41:13.606"></status>
</kw>
<status status="PASS" starttime="20180706 17:41:01.400" endtime="20180706 17:41:13.606" critical="yes"></status>
</test>
<test id="s1-t7" name="Testing Deleting Book">
<kw name="Click Element" library="SeleniumLibrary">
<doc>Click element identified by ``locator``.</doc>
<arguments>
<arg>//html/body/div[2]/div/div[3]/span/a[2]/span</arg>
</arguments>
<msg timestamp="20180706 17:41:13.607" level="INFO">Clicking element '//html/body/div[2]/div/div[3]/span/a[2]/span'.</msg>
<status status="PASS" starttime="20180706 17:41:13.607" endtime="20180706 17:41:15.532"></status>
</kw>
<kw name="Click Button" library="SeleniumLibrary">
<doc>Clicks button identified by ``locator``.</doc>
<arguments>
<arg>//html/body/div[2]/div/div[3]/form/input[2]</arg>
</arguments>
<msg timestamp="20180706 17:41:15.533" level="INFO">Clicking button '//html/body/div[2]/div/div[3]/form/input[2]'.</msg>
<status status="PASS" starttime="20180706 17:41:15.533" endtime="20180706 17:41:18.425"></status>
</kw>
<kw name="Capture Page Screenshot" library="SeleniumLibrary">
<doc>Takes screenshot of the current page and embeds it into log file.</doc>
<msg timestamp="20180706 17:41:19.410" level="INFO" html="yes">&lt;/td&gt;&lt;/tr&gt;&lt;tr&gt;&lt;td colspan="3"&gt;&lt;a href="selenium-screenshot-173.png"&gt;&lt;img src="selenium-screenshot-173.png" width="800px"&gt;&lt;/a&gt;</msg>
<status status="PASS" starttime="20180706 17:41:18.425" endtime="20180706 17:41:19.410"></status>
</kw>
<status status="PASS" starttime="20180706 17:41:13.606" endtime="20180706 17:41:19.411" critical="yes"></status>
</test>
<test id="s1-t8" name="Testing: Displaying Author List">
<kw name="Click Link" library="SeleniumLibrary">
<doc>Clicks a link identified by ``locator``.</doc>
<arguments>
<arg>//html/body/div[2]/div/div[1]/nav/ul/li[3]/a</arg>
</arguments>
<msg timestamp="20180706 17:41:19.412" level="INFO">Clicking link '//html/body/div[2]/div/div[1]/nav/ul/li[3]/a'.</msg>
<status status="PASS" starttime="20180706 17:41:19.412" endtime="20180706 17:41:22.249"></status>
</kw>
<status status="PASS" starttime="20180706 17:41:19.411" endtime="20180706 17:41:22.249" critical="yes"></status>
</test>
<test id="s1-t9" name="Testing: Adding Author">
<kw name="Click Link" library="SeleniumLibrary">
<doc>Clicks a link identified by ``locator``.</doc>
<arguments>
<arg>//html/body/div[2]/div/div[1]/nav/ul/li[4]/ul/li/a</arg>
</arguments>
<msg timestamp="20180706 17:41:22.251" level="INFO">Clicking link '//html/body/div[2]/div/div[1]/nav/ul/li[4]/ul/li/a'.</msg>
<status status="PASS" starttime="20180706 17:41:22.251" endtime="20180706 17:41:25.086"></status>
</kw>
<kw name="Input Text" library="SeleniumLibrary">
<doc>Types the given ``text`` into text field identified by ``locator``.</doc>
<arguments>
<arg>//*[@id="id_first_name"]</arg>
<arg>New Author First Name Added through Robot</arg>
</arguments>
<msg timestamp="20180706 17:41:25.086" level="INFO">Typing text 'New Author First Name Added through Robot' into text field '//*[@id="id_first_name"]'.</msg>
<status status="PASS" starttime="20180706 17:41:25.086" endtime="20180706 17:41:27.961"></status>
</kw>
<kw name="Input Text" library="SeleniumLibrary">
<doc>Types the given ``text`` into text field identified by ``locator``.</doc>
<arguments>
<arg>//*[@id="id_last_name"]</arg>
<arg>New Author Last Name Added Through Robot</arg>
</arguments>
<msg timestamp="20180706 17:41:27.962" level="INFO">Typing text 'New Author Last Name Added Through Robot' into text field '//*[@id="id_last_name"]'.</msg>
<status status="PASS" starttime="20180706 17:41:27.961" endtime="20180706 17:41:30.841"></status>
</kw>
<kw name="Input Text" library="SeleniumLibrary">
<doc>Types the given ``text`` into text field identified by ``locator``.</doc>
<arguments>
<arg>//*[@id="id_date_of_birth"]</arg>
<arg>1996-5-5</arg>
</arguments>
<msg timestamp="20180706 17:41:30.842" level="INFO">Typing text '1996-5-5' into text field '//*[@id="id_date_of_birth"]'.</msg>
<status status="PASS" starttime="20180706 17:41:30.841" endtime="20180706 17:41:33.637"></status>
</kw>
<kw name="Click Button" library="SeleniumLibrary">
<doc>Clicks button identified by ``locator``.</doc>
<arguments>
<arg>//html/body/div[2]/div/div[3]/form/input[2]</arg>
</arguments>
<msg timestamp="20180706 17:41:33.638" level="INFO">Clicking button '//html/body/div[2]/div/div[3]/form/input[2]'.</msg>
<status status="PASS" starttime="20180706 17:41:33.638" endtime="20180706 17:41:36.521"></status>
</kw>
<status status="PASS" starttime="20180706 17:41:22.250" endtime="20180706 17:41:36.522" critical="yes"></status>
</test>
<test id="s1-t10" name="Testing: Updating Author Detail">
<kw name="Click Element" library="SeleniumLibrary">
<doc>Click element identified by ``locator``.</doc>
<arguments>
<arg>//html/body/div[2]/div/div[3]/a[1]/span</arg>
</arguments>
<msg timestamp="20180706 17:41:36.524" level="INFO">Clicking element '//html/body/div[2]/div/div[3]/a[1]/span'.</msg>
<status status="PASS" starttime="20180706 17:41:36.523" endtime="20180706 17:41:38.465"></status>
</kw>
<kw name="Input Text" library="SeleniumLibrary">
<doc>Types the given ``text`` into text field identified by ``locator``.</doc>
<arguments>
<arg>//*[@id="id_first_name"]</arg>
<arg>Updated Name</arg>
</arguments>
<msg timestamp="20180706 17:41:38.466" level="INFO">Typing text 'Updated Name' into text field '//*[@id="id_first_name"]'.</msg>
<status status="PASS" starttime="20180706 17:41:38.466" endtime="20180706 17:41:41.272"></status>
</kw>
<kw name="Click Button" library="SeleniumLibrary">
<doc>Clicks button identified by ``locator``.</doc>
<arguments>
<arg>//html/body/div[2]/div/div[3]/form/input[2]</arg>
</arguments>
<msg timestamp="20180706 17:41:41.273" level="INFO">Clicking button '//html/body/div[2]/div/div[3]/form/input[2]'.</msg>
<status status="PASS" starttime="20180706 17:41:41.273" endtime="20180706 17:41:44.134"></status>
</kw>
<status status="PASS" starttime="20180706 17:41:36.523" endtime="20180706 17:41:44.135" critical="yes"></status>
</test>
<test id="s1-t11" name="Testing: Deleting Author">
<kw name="Click Element" library="SeleniumLibrary">
<doc>Click element identified by ``locator``.</doc>
<arguments>
<arg>//html/body/div[2]/div/div[3]/a[2]/span</arg>
</arguments>
<msg timestamp="20180706 17:41:44.137" level="INFO">Clicking element '//html/body/div[2]/div/div[3]/a[2]/span'.</msg>
<status status="PASS" starttime="20180706 17:41:44.137" endtime="20180706 17:41:46.074"></status>
</kw>
<kw name="Click Button" library="SeleniumLibrary">
<doc>Clicks button identified by ``locator``.</doc>
<arguments>
<arg>//html/body/div[2]/div/div[3]/form/input[2]</arg>
</arguments>
<msg timestamp="20180706 17:41:46.074" level="INFO">Clicking button '//html/body/div[2]/div/div[3]/form/input[2]'.</msg>
<status status="PASS" starttime="20180706 17:41:46.074" endtime="20180706 17:41:48.939"></status>
</kw>
<status status="PASS" starttime="20180706 17:41:44.136" endtime="20180706 17:41:48.939" critical="yes"></status>
</test>
<test id="s1-t12" name="Testing: Displaying Transactions">
<kw name="Click Link" library="SeleniumLibrary">
<doc>Clicks a link identified by ``locator``.</doc>
<arguments>
<arg>//html/body/div[2]/div/div[1]/nav/ul/li[5]/a</arg>
</arguments>
<msg timestamp="20180706 17:41:48.941" level="INFO">Clicking link '//html/body/div[2]/div/div[1]/nav/ul/li[5]/a'.</msg>
<status status="PASS" starttime="20180706 17:41:48.941" endtime="20180706 17:41:51.789"></status>
</kw>
<status status="PASS" starttime="20180706 17:41:48.940" endtime="20180706 17:41:51.790" critical="yes"></status>
</test>
<test id="s1-t13" name="Testing: Adding Transactions">
<kw name="Click Link" library="SeleniumLibrary">
<doc>Clicks a link identified by ``locator``.</doc>
<arguments>
<arg>//html/body/div[2]/div/div[1]/nav/ul/li[5]/ul/li/a</arg>
</arguments>
<msg timestamp="20180706 17:41:51.792" level="INFO">Clicking link '//html/body/div[2]/div/div[1]/nav/ul/li[5]/ul/li/a'.</msg>
<status status="PASS" starttime="20180706 17:41:51.792" endtime="20180706 17:41:54.658"></status>
</kw>
<kw name="Select From List" library="SeleniumLibrary">
<doc>Deprecated. Use `Select From List By Label/Value/Index` instead.</doc>
<arguments>
<arg>//*[@id="id_due_date_month"]</arg>
<arg>${MONTH_TODAY}</arg>
</arguments>
<msg timestamp="20180706 17:41:54.659" level="INFO">Selecting option(s) 'July' from list '//*[@id="id_due_date_month"]'.</msg>
<status status="PASS" starttime="20180706 17:41:54.658" endtime="20180706 17:42:01.994"></status>
</kw>
<kw name="Convert To String" library="BuiltIn">
<doc>Converts the given item to a Unicode string.</doc>
<arguments>
<arg>${DAY_TODAY + 3}</arg>
</arguments>
<assign>
<var>${DUE_DAYE}</var>
</assign>
<msg timestamp="20180706 17:42:01.995" level="INFO">${DUE_DAYE} = 9</msg>
<status status="PASS" starttime="20180706 17:42:01.994" endtime="20180706 17:42:01.995"></status>
</kw>
<kw name="Select From List" library="SeleniumLibrary">
<doc>Deprecated. Use `Select From List By Label/Value/Index` instead.</doc>
<arguments>
<arg>//*[@id="id_due_date_day"]</arg>
<arg>${DUE_DAYE}</arg>
</arguments>
<msg timestamp="20180706 17:42:01.996" level="INFO">Selecting option(s) '9' from list '//*[@id="id_due_date_day"]'.</msg>
<status status="PASS" starttime="20180706 17:42:01.996" endtime="20180706 17:42:08.422"></status>
</kw>
<kw name="Select From List" library="SeleniumLibrary">
<doc>Deprecated. Use `Select From List By Label/Value/Index` instead.</doc>
<arguments>
<arg>//*[@id="id_due_date_year"]</arg>
<arg>${YEAR_TODAY}</arg>
</arguments>
<msg timestamp="20180706 17:42:08.423" level="INFO">Selecting option(s) '2018' from list '//*[@id="id_due_date_year"]'.</msg>
<status status="PASS" starttime="20180706 17:42:08.422" endtime="20180706 17:42:13.907"></status>
</kw>
<kw name="Select From List" library="SeleniumLibrary">
<doc>Deprecated. Use `Select From List By Label/Value/Index` instead.</doc>
<arguments>
<arg>//*[@id="id_borrower"]</arg>
<arg>user1</arg>
</arguments>
<msg timestamp="20180706 17:42:13.908" level="INFO">Selecting option(s) 'user1' from list '//*[@id="id_borrower"]'.</msg>
<status status="PASS" starttime="20180706 17:42:13.907" endtime="20180706 17:42:21.245"></status>
</kw>
<kw name="Click Button" library="SeleniumLibrary">
<doc>Clicks button identified by ``locator``.</doc>
<arguments>
<arg>//html/body/div[2]/div/div[3]/form/input[2]</arg>
</arguments>
<msg timestamp="20180706 17:42:21.246" level="INFO">Clicking button '//html/body/div[2]/div/div[3]/form/input[2]'.</msg>
<status status="PASS" starttime="20180706 17:42:21.245" endtime="20180706 17:42:24.193"></status>
</kw>
<status status="PASS" starttime="20180706 17:41:51.791" endtime="20180706 17:42:24.194" critical="yes"></status>
</test>
<test id="s1-t14" name="Testing: Renewing Borrowed Book">
<kw name="Click Link" library="SeleniumLibrary">
<doc>Clicks a link identified by ``locator``.</doc>
<arguments>
<arg>//html/body/div[2]/div/div[3]/table/tbody/tr[2]/td[5]/a</arg>
</arguments>
<msg timestamp="20180706 17:42:24.196" level="INFO">Clicking link '//html/body/div[2]/div/div[3]/table/tbody/tr[2]/td[5]/a'.</msg>
<status status="PASS" starttime="20180706 17:42:24.195" endtime="20180706 17:42:27.041"></status>
</kw>
<kw name="Input Text" library="SeleniumLibrary">
<doc>Types the given ``text`` into text field identified by ``locator``.</doc>
<arguments>
<arg>//*[@id="id_renewal_date"]</arg>
<arg>2018-07-10</arg>
</arguments>
<msg timestamp="20180706 17:42:27.042" level="INFO">Typing text '2018-07-10' into text field '//*[@id="id_renewal_date"]'.</msg>
<status status="PASS" starttime="20180706 17:42:27.041" endtime="20180706 17:42:29.853"></status>
</kw>
<kw name="Click Button" library="SeleniumLibrary">
<doc>Clicks button identified by ``locator``.</doc>
<arguments>
<arg>//html/body/div[2]/div/div[3]/form/input[2]</arg>
</arguments>
<msg timestamp="20180706 17:42:29.854" level="INFO">Clicking button '//html/body/div[2]/div/div[3]/form/input[2]'.</msg>
<status status="PASS" starttime="20180706 17:42:29.854" endtime="20180706 17:42:32.727"></status>
</kw>
<status status="PASS" starttime="20180706 17:42:24.194" endtime="20180706 17:42:32.727" critical="yes"></status>
</test>
<test id="s1-t15" name="Testing: Returning Book">
<kw name="Click Link" library="SeleniumLibrary">
<doc>Clicks a link identified by ``locator``.</doc>
<arguments>
<arg>//html/body/div[2]/div/div[3]/table/tbody/tr[2]/td[7]/a</arg>
</arguments>
<msg timestamp="20180706 17:42:32.728" level="INFO">Clicking link '//html/body/div[2]/div/div[3]/table/tbody/tr[2]/td[7]/a'.</msg>
<status status="PASS" starttime="20180706 17:42:32.728" endtime="20180706 17:42:35.580"></status>
</kw>
<kw name="Input Text" library="SeleniumLibrary">
<doc>Types the given ``text`` into text field identified by ``locator``.</doc>
<arguments>
<arg>//*[@id="id_remarks"]</arg>
<arg>In good condition;</arg>
</arguments>
<msg timestamp="20180706 17:42:35.581" level="INFO">Typing text 'In good condition;' into text field '//*[@id="id_remarks"]'.</msg>
<status status="PASS" starttime="20180706 17:42:35.580" endtime="20180706 17:42:38.408"></status>
</kw>
<kw name="Select From List" library="SeleniumLibrary">
<doc>Deprecated. Use `Select From List By Label/Value/Index` instead.</doc>
<arguments>
<arg>//*[@id="id_date_returned_month"]</arg>
<arg>${MONTH_TODAY}</arg>
</arguments>
<msg timestamp="20180706 17:42:38.409" level="INFO">Selecting option(s) 'July' from list '//*[@id="id_date_returned_month"]'.</msg>
<status status="PASS" starttime="20180706 17:42:38.408" endtime="20180706 17:42:45.745"></status>
</kw>
<kw name="Select From List" library="SeleniumLibrary">
<doc>Deprecated. Use `Select From List By Label/Value/Index` instead.</doc>
<arguments>
<arg>//*[@id="id_date_returned_day"]</arg>
<arg>${DAY_TODAY}</arg>
</arguments>
<kw name="Capture Page Screenshot" library="SeleniumLibrary">
<doc>Takes screenshot of the current page and embeds it into log file.</doc>
<msg timestamp="20180706 17:42:46.739" level="INFO" html="yes">&lt;/td&gt;&lt;/tr&gt;&lt;tr&gt;&lt;td colspan="3"&gt;&lt;a href="selenium-screenshot-174.png"&gt;&lt;img src="selenium-screenshot-174.png" width="800px"&gt;&lt;/a&gt;</msg>
<status status="PASS" starttime="20180706 17:42:45.746" endtime="20180706 17:42:46.739"></status>
</kw>
<msg timestamp="20180706 17:42:46.741" level="FAIL">TypeError: sequence item 0: expected str instance, int found</msg>
<status status="FAIL" starttime="20180706 17:42:45.745" endtime="20180706 17:42:46.741"></status>
</kw>
<status status="FAIL" starttime="20180706 17:42:32.728" endtime="20180706 17:42:46.741" critical="yes">TypeError: sequence item 0: expected str instance, int found</status>
</test>
<status status="FAIL" starttime="20180706 17:39:40.257" endtime="20180706 17:42:46.746"></status>
</suite>
<statistics>
<total>
<stat pass="14" fail="1">Critical Tests</stat>
<stat pass="14" fail="1">All Tests</stat>
</total>
<tag>
</tag>
<suite>
<stat pass="14" fail="1" id="s1" name="Test-Locallibrary">Test-Locallibrary</stat>
</suite>
</statistics>
<errors>
</errors>
</robot>
