<?xml version="1.0" encoding="UTF-8"?>
<robot generator="Robot 3.0.4 (Python 3.6.5 on linux)" generated="20180705 17:45:28.395">
<suite id="s1" name="Test-Locallibrary" source="/home/csd/lair/RobotTests/test-locallibrary.robot">
<test id="s1-t1" name="LoginTextCaseOnChrome">
<kw name="Set Selenium Speed" library="SeleniumLibrary">
<doc>Sets the delay that is waited after each Selenium command.</doc>
<arguments>
<arg>${SPEED}</arg>
</arguments>
<status status="PASS" starttime="20180705 17:45:28.485" endtime="20180705 17:45:28.485"></status>
</kw>
<kw name="Open Browser" library="SeleniumLibrary">
<doc>Opens a new browser instance to the given ``url``.</doc>
<arguments>
<arg>${LOGIN_URL}</arg>
<arg>${BROWSER}</arg>
</arguments>
<msg timestamp="20180705 17:45:28.486" level="INFO">Opening browser 'Chrome' to base url 'http://127.0.0.1:8000/accounts/login/'.</msg>
<status status="PASS" starttime="20180705 17:45:28.486" endtime="20180705 17:45:32.093"></status>
</kw>
<kw name="Capture Page Screenshot" library="SeleniumLibrary">
<doc>Takes screenshot of the current page and embeds it into log file.</doc>
<msg timestamp="20180705 17:45:33.078" level="INFO" html="yes">&lt;/td&gt;&lt;/tr&gt;&lt;tr&gt;&lt;td colspan="3"&gt;&lt;a href="selenium-screenshot-40.png"&gt;&lt;img src="selenium-screenshot-40.png" width="800px"&gt;&lt;/a&gt;</msg>
<status status="PASS" starttime="20180705 17:45:32.093" endtime="20180705 17:45:33.078"></status>
</kw>
<kw name="Input Text" library="SeleniumLibrary">
<doc>Types the given ``text`` into text field identified by ``locator``.</doc>
<arguments>
<arg>//*[@id="id_username"]</arg>
<arg>librarian1</arg>
</arguments>
<msg timestamp="20180705 17:45:33.079" level="INFO">Typing text 'librarian1' into text field '//*[@id="id_username"]'.</msg>
<status status="PASS" starttime="20180705 17:45:33.079" endtime="20180705 17:45:35.892"></status>
</kw>
<kw name="Input Text" library="SeleniumLibrary">
<doc>Types the given ``text`` into text field identified by ``locator``.</doc>
<arguments>
<arg>//*[@id="id_password"]</arg>
<arg>librarian1userpassword</arg>
</arguments>
<msg timestamp="20180705 17:45:35.893" level="INFO">Typing text 'librarian1userpassword' into text field '//*[@id="id_password"]'.</msg>
<status status="PASS" starttime="20180705 17:45:35.892" endtime="20180705 17:45:38.727"></status>
</kw>
<kw name="Click Button" library="SeleniumLibrary">
<doc>Clicks button identified by ``locator``.</doc>
<arguments>
<arg>//html/body/div[2]/div/div[3]/form/div[3]/input[1]</arg>
</arguments>
<msg timestamp="20180705 17:45:38.728" level="INFO">Clicking button '//html/body/div[2]/div/div[3]/form/div[3]/input[1]'.</msg>
<status status="PASS" starttime="20180705 17:45:38.727" endtime="20180705 17:45:41.806"></status>
</kw>
<kw name="Capture Page Screenshot" library="SeleniumLibrary">
<doc>Takes screenshot of the current page and embeds it into log file.</doc>
<msg timestamp="20180705 17:45:42.786" level="INFO" html="yes">&lt;/td&gt;&lt;/tr&gt;&lt;tr&gt;&lt;td colspan="3"&gt;&lt;a href="selenium-screenshot-41.png"&gt;&lt;img src="selenium-screenshot-41.png" width="800px"&gt;&lt;/a&gt;</msg>
<status status="PASS" starttime="20180705 17:45:41.806" endtime="20180705 17:45:42.786"></status>
</kw>
<status status="PASS" starttime="20180705 17:45:28.485" endtime="20180705 17:45:42.787" critical="yes"></status>
</test>
<test id="s1-t2" name="AddBookTestCaseOnChrome">
<kw name="Click Link" library="SeleniumLibrary">
<doc>Clicks a link identified by ``locator``.</doc>
<arguments>
<arg>//html/body/div[2]/div/div[1]/nav/ul/ul/li/a</arg>
</arguments>
<msg timestamp="20180705 17:45:42.790" level="INFO">Clicking link '//html/body/div[2]/div/div[1]/nav/ul/ul/li/a'.</msg>
<status status="PASS" starttime="20180705 17:45:42.790" endtime="20180705 17:45:45.669"></status>
</kw>
<kw name="Input Text" library="SeleniumLibrary">
<doc>Types the given ``text`` into text field identified by ``locator``.</doc>
<arguments>
<arg>//*[@id="id_title"]</arg>
<arg>New Book Added Through Robot</arg>
</arguments>
<msg timestamp="20180705 17:45:45.670" level="INFO">Typing text 'New Book Added Through Robot' into text field '//*[@id="id_title"]'.</msg>
<status status="PASS" starttime="20180705 17:45:45.669" endtime="20180705 17:45:48.540"></status>
</kw>
<kw name="Select From List" library="SeleniumLibrary">
<doc>Deprecated. Use `Select From List By Label/Value/Index` instead.</doc>
<arguments>
<arg>//*[@id="id_author"]</arg>
<arg>op, po</arg>
</arguments>
<msg timestamp="20180705 17:45:48.541" level="INFO">Selecting option(s) 'op, po' from list '//*[@id="id_author"]'.</msg>
<status status="PASS" starttime="20180705 17:45:48.541" endtime="20180705 17:45:55.887"></status>
</kw>
<kw name="Input Text" library="SeleniumLibrary">
<doc>Types the given ``text`` into text field identified by ``locator``.</doc>
<arguments>
<arg>//*[@id="id_summary"]</arg>
<arg>New Book Added Through Robot summary. New Book Added Through Robot summary.</arg>
</arguments>
<msg timestamp="20180705 17:45:55.888" level="INFO">Typing text 'New Book Added Through Robot summary. New Book Added Through Robot summary.' into text field '//*[@id="id_summary"]'.</msg>
<status status="PASS" starttime="20180705 17:45:55.888" endtime="20180705 17:45:58.851"></status>
</kw>
<kw name="Input Text" library="SeleniumLibrary">
<doc>Types the given ``text`` into text field identified by ``locator``.</doc>
<arguments>
<arg>//*[@id="id_isbn"]</arg>
<arg>45652</arg>
</arguments>
<msg timestamp="20180705 17:45:58.852" level="INFO">Typing text '45652' into text field '//*[@id="id_isbn"]'.</msg>
<status status="PASS" starttime="20180705 17:45:58.851" endtime="20180705 17:46:01.648"></status>
</kw>
<kw name="Input Text" library="SeleniumLibrary">
<doc>Types the given ``text`` into text field identified by ``locator``.</doc>
<arguments>
<arg>//*[@id="id_imprint"]</arg>
<arg>Random input for id_imprint</arg>
</arguments>
<msg timestamp="20180705 17:46:01.649" level="INFO">Typing text 'Random input for id_imprint' into text field '//*[@id="id_imprint"]'.</msg>
<status status="PASS" starttime="20180705 17:46:01.649" endtime="20180705 17:46:04.514"></status>
</kw>
<kw name="Select From List" library="SeleniumLibrary">
<doc>Deprecated. Use `Select From List By Label/Value/Index` instead.</doc>
<arguments>
<arg>//*[@id="id_genre"]</arg>
<arg>@{GENRE}</arg>
</arguments>
<msg timestamp="20180705 17:46:04.515" level="INFO">Selecting option(s) 'Mystery, Drama' from list '//*[@id="id_genre"]'.</msg>
<status status="PASS" starttime="20180705 17:46:04.514" endtime="20180705 17:46:15.568"></status>
</kw>
<kw name="Select From List" library="SeleniumLibrary">
<doc>Deprecated. Use `Select From List By Label/Value/Index` instead.</doc>
<arguments>
<arg>//*[@id="id_language"]</arg>
<arg>Filipino</arg>
</arguments>
<msg timestamp="20180705 17:46:15.569" level="INFO">Selecting option(s) 'Filipino' from list '//*[@id="id_language"]'.</msg>
<status status="PASS" starttime="20180705 17:46:15.568" endtime="20180705 17:46:22.916"></status>
</kw>
<kw name="Input Text" library="SeleniumLibrary">
<doc>Types the given ``text`` into text field identified by ``locator``.</doc>
<arguments>
<arg>//*[@id="id_copies"]</arg>
<arg>d1</arg>
</arguments>
<msg timestamp="20180705 17:46:22.916" level="INFO">Typing text 'd1' into text field '//*[@id="id_copies"]'.</msg>
<status status="PASS" starttime="20180705 17:46:22.916" endtime="20180705 17:46:25.714"></status>
</kw>
<kw name="Capture Page Screenshot" library="SeleniumLibrary">
<doc>Takes screenshot of the current page and embeds it into log file.</doc>
<msg timestamp="20180705 17:46:26.693" level="INFO" html="yes">&lt;/td&gt;&lt;/tr&gt;&lt;tr&gt;&lt;td colspan="3"&gt;&lt;a href="selenium-screenshot-42.png"&gt;&lt;img src="selenium-screenshot-42.png" width="800px"&gt;&lt;/a&gt;</msg>
<status status="PASS" starttime="20180705 17:46:25.714" endtime="20180705 17:46:26.693"></status>
</kw>
<kw name="Click Button" library="SeleniumLibrary">
<doc>Clicks button identified by ``locator``.</doc>
<arguments>
<arg>//html/body/div[2]/div/div[3]/form/input[2]</arg>
</arguments>
<msg timestamp="20180705 17:46:26.693" level="INFO">Clicking button '//html/body/div[2]/div/div[3]/form/input[2]'.</msg>
<status status="PASS" starttime="20180705 17:46:26.693" endtime="20180705 17:46:29.627"></status>
</kw>
<kw name="Capture Page Screenshot" library="SeleniumLibrary">
<doc>Takes screenshot of the current page and embeds it into log file.</doc>
<msg timestamp="20180705 17:46:30.616" level="INFO" html="yes">&lt;/td&gt;&lt;/tr&gt;&lt;tr&gt;&lt;td colspan="3"&gt;&lt;a href="selenium-screenshot-43.png"&gt;&lt;img src="selenium-screenshot-43.png" width="800px"&gt;&lt;/a&gt;</msg>
<status status="PASS" starttime="20180705 17:46:29.627" endtime="20180705 17:46:30.616"></status>
</kw>
<status status="PASS" starttime="20180705 17:45:42.788" endtime="20180705 17:46:30.617" critical="yes"></status>
</test>
<status status="PASS" starttime="20180705 17:45:28.395" endtime="20180705 17:46:30.618"></status>
</suite>
<statistics>
<total>
<stat pass="2" fail="0">Critical Tests</stat>
<stat pass="2" fail="0">All Tests</stat>
</total>
<tag>
</tag>
<suite>
<stat pass="2" fail="0" id="s1" name="Test-Locallibrary">Test-Locallibrary</stat>
</suite>
</statistics>
<errors>
</errors>
</robot>
