<?xml version="1.0" encoding="UTF-8"?>
<robot generator="Robot 3.0.4 (Python 3.6.5 on linux)" generated="20180705 16:29:34.722">
<suite id="s1" name="Test-Locallibrary" source="/home/csd/lair/RobotTests/test-locallibrary.robot">
<test id="s1-t1" name="LoginTextCaseOnFirefox">
<kw name="Open Browser" library="Selenium2Library">
<doc>Opens a new browser instance to the given ``url``.</doc>
<arguments>
<arg>${LOGIN_URL}</arg>
<arg>${BROWSER}</arg>
</arguments>
<msg timestamp="20180705 16:29:35.038" level="INFO">Opening browser 'Chrome' to base url 'http://127.0.0.1:8000/accounts/login/'.</msg>
<status status="PASS" starttime="20180705 16:29:35.037" endtime="20180705 16:29:45.591"></status>
</kw>
<kw name="Capture Page Screenshot" library="Selenium2Library">
<doc>Takes screenshot of the current page and embeds it into log file.</doc>
<msg timestamp="20180705 16:29:45.712" level="INFO" html="yes">&lt;/td&gt;&lt;/tr&gt;&lt;tr&gt;&lt;td colspan="3"&gt;&lt;a href="selenium-screenshot-5.png"&gt;&lt;img src="selenium-screenshot-5.png" width="800px"&gt;&lt;/a&gt;</msg>
<status status="PASS" starttime="20180705 16:29:45.591" endtime="20180705 16:29:45.712"></status>
</kw>
<kw name="Input Text" library="Selenium2Library">
<doc>Types the given ``text`` into text field identified by ``locator``.</doc>
<arguments>
<arg>//*[@id="id_username"]</arg>
<arg>librarian1</arg>
</arguments>
<msg timestamp="20180705 16:29:45.713" level="INFO">Typing text 'librarian1' into text field '//*[@id="id_username"]'.</msg>
<status status="PASS" starttime="20180705 16:29:45.712" endtime="20180705 16:29:45.854"></status>
</kw>
<kw name="Input Text" library="Selenium2Library">
<doc>Types the given ``text`` into text field identified by ``locator``.</doc>
<arguments>
<arg>//*[@id="id_password"]</arg>
<arg>librarian1userpassword</arg>
</arguments>
<msg timestamp="20180705 16:29:45.855" level="INFO">Typing text 'librarian1userpassword' into text field '//*[@id="id_password"]'.</msg>
<status status="PASS" starttime="20180705 16:29:45.855" endtime="20180705 16:29:45.961"></status>
</kw>
<kw name="Click Button" library="Selenium2Library">
<doc>Clicks button identified by ``locator``.</doc>
<arguments>
<arg>/html/body/div[2]/div/div[3]/form/div[3]/input[1]</arg>
</arguments>
<msg timestamp="20180705 16:29:45.961" level="INFO">Clicking button '/html/body/div[2]/div/div[3]/form/div[3]/input[1]'.</msg>
<kw name="Capture Page Screenshot" library="Selenium2Library">
<doc>Takes screenshot of the current page and embeds it into log file.</doc>
<msg timestamp="20180705 16:29:46.073" level="INFO" html="yes">&lt;/td&gt;&lt;/tr&gt;&lt;tr&gt;&lt;td colspan="3"&gt;&lt;a href="selenium-screenshot-6.png"&gt;&lt;img src="selenium-screenshot-6.png" width="800px"&gt;&lt;/a&gt;</msg>
<status status="PASS" starttime="20180705 16:29:45.990" endtime="20180705 16:29:46.074"></status>
</kw>
<msg timestamp="20180705 16:29:46.104" level="FAIL">Button with locator '/html/body/div[2]/div/div[3]/form/div[3]/input[1]' not found.</msg>
<status status="FAIL" starttime="20180705 16:29:45.961" endtime="20180705 16:29:46.104"></status>
</kw>
<status status="FAIL" starttime="20180705 16:29:35.037" endtime="20180705 16:29:46.105" critical="yes">Button with locator '/html/body/div[2]/div/div[3]/form/div[3]/input[1]' not found.</status>
</test>
<status status="FAIL" starttime="20180705 16:29:34.723" endtime="20180705 16:29:46.107"></status>
</suite>
<statistics>
<total>
<stat pass="0" fail="1">Critical Tests</stat>
<stat pass="0" fail="1">All Tests</stat>
</total>
<tag>
</tag>
<suite>
<stat pass="0" fail="1" id="s1" name="Test-Locallibrary">Test-Locallibrary</stat>
</suite>
</statistics>
<errors>
</errors>
</robot>
